TN:
SF:logic/message/create-message.js
FN:8,(anonymous_0)
FN:16,(anonymous_1)
FNF:2
FNH:2
FNDA:6,(anonymous_0)
FNDA:1,(anonymous_1)
DA:1,1
DA:2,1
DA:3,1
DA:8,1
DA:10,6
DA:11,5
DA:12,4
DA:13,3
DA:14,2
DA:16,1
DA:17,1
DA:19,1
DA:20,1
LF:13
LH:13
BRDA:13,0,0,1
BRDA:13,0,1,2
BRDA:14,1,0,1
BRDA:14,1,1,1
BRF:4
BRH:4
end_of_record
TN:
SF:logic/message/create-message.spec.js
FN:10,(anonymous_0)
FN:11,(anonymous_1)
FN:16,(anonymous_2)
FN:32,(anonymous_3)
FN:42,(anonymous_4)
FN:43,(anonymous_5)
FN:44,(anonymous_6)
FN:48,(anonymous_7)
FN:49,(anonymous_8)
FN:53,(anonymous_9)
FN:54,(anonymous_10)
FN:57,(anonymous_11)
FN:60,(anonymous_12)
FN:67,(anonymous_13)
FN:73,(anonymous_14)
FNF:15
FNH:15
FNDA:1,(anonymous_0)
FNDA:1,(anonymous_1)
FNDA:4,(anonymous_2)
FNDA:1,(anonymous_3)
FNDA:1,(anonymous_4)
FNDA:1,(anonymous_5)
FNDA:1,(anonymous_6)
FNDA:1,(anonymous_7)
FNDA:1,(anonymous_8)
FNDA:1,(anonymous_9)
FNDA:1,(anonymous_10)
FNDA:1,(anonymous_11)
FNDA:1,(anonymous_12)
FNDA:4,(anonymous_13)
FNDA:1,(anonymous_14)
DA:1,1
DA:2,1
DA:3,1
DA:4,1
DA:5,1
DA:6,1
DA:7,1
DA:10,1
DA:11,1
DA:12,1
DA:16,1
DA:17,4
DA:18,4
DA:19,4
DA:21,4
DA:22,4
DA:23,4
DA:24,4
DA:25,4
DA:32,1
DA:33,1
DA:34,1
DA:36,1
DA:37,1
DA:38,1
DA:42,1
DA:43,1
DA:44,1
DA:45,1
DA:48,1
DA:49,1
DA:50,1
DA:53,1
DA:54,1
DA:55,1
DA:57,1
DA:58,1
DA:60,1
DA:61,1
DA:67,1
DA:68,4
DA:69,4
DA:70,4
DA:73,1
DA:74,1
LF:45
LH:45
BRF:0
BRH:0
end_of_record
TN:
SF:logic/message/delete-message.js
FN:6,(anonymous_0)
FN:13,(anonymous_1)
FNF:2
FNH:2
FNDA:7,(anonymous_0)
FNDA:3,(anonymous_1)
DA:1,1
DA:2,1
DA:3,1
DA:6,1
DA:8,7
DA:9,6
DA:10,5
DA:11,4
DA:13,3
DA:14,3
DA:15,3
DA:17,2
DA:19,1
LF:13
LH:13
BRDA:10,0,0,1
BRDA:10,0,1,4
BRDA:11,1,0,1
BRDA:11,1,1,3
BRDA:15,2,0,1
BRDA:15,2,1,2
BRDA:17,3,0,1
BRDA:17,3,1,1
BRF:8
BRH:8
end_of_record
TN:
SF:logic/message/delete-message.spec.js
FN:10,(anonymous_0)
FN:11,(anonymous_1)
FN:16,(anonymous_2)
FN:36,(anonymous_3)
FN:44,(anonymous_4)
FN:57,(anonymous_5)
FN:69,(anonymous_6)
FN:71,(anonymous_7)
FN:73,(anonymous_8)
FN:77,(anonymous_9)
FN:81,(anonymous_10)
FN:84,(anonymous_11)
FN:88,(anonymous_12)
FN:94,(anonymous_13)
FN:101,(anonymous_14)
FNF:15
FNH:15
FNDA:1,(anonymous_0)
FNDA:1,(anonymous_1)
FNDA:5,(anonymous_2)
FNDA:1,(anonymous_3)
FNDA:1,(anonymous_4)
FNDA:1,(anonymous_5)
FNDA:1,(anonymous_6)
FNDA:1,(anonymous_7)
FNDA:1,(anonymous_8)
FNDA:1,(anonymous_9)
FNDA:1,(anonymous_10)
FNDA:1,(anonymous_11)
FNDA:1,(anonymous_12)
FNDA:5,(anonymous_13)
FNDA:1,(anonymous_14)
DA:1,1
DA:2,1
DA:3,1
DA:4,1
DA:5,1
DA:6,1
DA:7,1
DA:10,1
DA:11,1
DA:12,1
DA:15,1
DA:16,1
DA:17,5
DA:18,5
DA:19,5
DA:22,5
DA:23,5
DA:25,5
DA:26,5
DA:27,5
DA:29,5
DA:30,50
DA:31,50
DA:32,50
DA:36,1
DA:37,1
DA:39,1
DA:40,1
DA:41,1
DA:44,1
DA:45,1
DA:46,1
DA:47,1
DA:48,1
DA:49,1
DA:51,1
DA:52,1
DA:53,1
DA:57,1
DA:58,1
DA:59,1
DA:60,1
DA:61,1
DA:63,1
DA:64,1
DA:65,1
DA:69,1
DA:71,1
DA:72,1
DA:73,1
DA:74,1
DA:76,1
DA:77,1
DA:78,1
DA:81,1
DA:84,1
DA:85,1
DA:88,1
DA:89,1
DA:94,1
DA:95,5
DA:96,5
DA:97,5
DA:98,5
DA:101,1
DA:102,1
LF:66
LH:66
BRF:0
BRH:0
end_of_record
TN:
SF:logic/message/get-message.js
FN:6,(anonymous_0)
FN:11,(anonymous_1)
FN:32,(anonymous_2)
FNF:3
FNH:3
FNDA:8,(anonymous_0)
FNDA:5,(anonymous_1)
FNDA:10,(anonymous_2)
DA:1,1
DA:2,1
DA:3,1
DA:6,1
DA:7,8
DA:8,7
DA:9,6
DA:11,5
DA:12,5
DA:13,5
DA:15,4
DA:16,2
DA:18,2
DA:20,1
DA:28,2
DA:30,2
DA:32,1
DA:33,10
DA:35,10
DA:37,10
DA:38,10
DA:41,1
LF:22
LH:22
BRDA:8,0,0,1
BRDA:8,0,1,6
BRDA:9,1,0,1
BRDA:9,1,1,5
BRDA:9,2,0,6
BRDA:9,2,1,4
BRDA:13,3,0,1
BRDA:13,3,1,4
BRDA:15,4,0,2
BRDA:15,4,1,2
BRDA:18,5,0,1
BRDA:18,5,1,1
BRDA:30,6,0,1
BRDA:30,6,1,1
BRF:14
BRH:14
end_of_record
TN:
SF:logic/message/get-message.spec.js
FN:10,(anonymous_0)
FN:11,(anonymous_1)
FN:16,(anonymous_2)
FN:37,(anonymous_3)
FN:48,(anonymous_4)
FN:53,(anonymous_5)
FN:57,(anonymous_6)
FN:69,(anonymous_7)
FN:81,(anonymous_8)
FN:95,(anonymous_9)
FN:97,(anonymous_10)
FN:99,(anonymous_11)
FN:103,(anonymous_12)
FN:107,(anonymous_13)
FN:110,(anonymous_14)
FN:116,(anonymous_15)
FN:123,(anonymous_16)
FNF:17
FNH:17
FNDA:1,(anonymous_0)
FNDA:1,(anonymous_1)
FNDA:7,(anonymous_2)
FNDA:1,(anonymous_3)
FNDA:1,(anonymous_4)
FNDA:10,(anonymous_5)
FNDA:1,(anonymous_6)
FNDA:1,(anonymous_7)
FNDA:1,(anonymous_8)
FNDA:1,(anonymous_9)
FNDA:1,(anonymous_10)
FNDA:1,(anonymous_11)
FNDA:1,(anonymous_12)
FNDA:1,(anonymous_13)
FNDA:1,(anonymous_14)
FNDA:7,(anonymous_15)
FNDA:1,(anonymous_16)
DA:1,1
DA:2,1
DA:3,1
DA:4,1
DA:5,1
DA:6,1
DA:7,1
DA:10,1
DA:11,1
DA:12,1
DA:15,1
DA:16,1
DA:17,7
DA:18,7
DA:19,7
DA:22,7
DA:23,7
DA:24,7
DA:26,7
DA:27,7
DA:28,7
DA:30,7
DA:31,70
DA:32,70
DA:33,70
DA:37,1
DA:38,1
DA:39,1
DA:40,1
DA:41,1
DA:43,1
DA:44,1
DA:45,1
DA:48,1
DA:49,1
DA:51,1
DA:52,1
DA:53,1
DA:54,10
DA:57,1
DA:58,1
DA:59,1
DA:60,1
DA:61,1
DA:64,1
DA:65,1
DA:66,1
DA:69,1
DA:70,1
DA:72,1
DA:73,1
DA:74,1
DA:76,1
DA:77,1
DA:78,1
DA:81,1
DA:82,1
DA:84,1
DA:85,1
DA:86,1
DA:88,1
DA:89,1
DA:90,1
DA:95,1
DA:97,1
DA:98,1
DA:99,1
DA:100,1
DA:102,1
DA:103,1
DA:104,1
DA:107,1
DA:110,1
DA:111,1
DA:116,1
DA:117,7
DA:118,7
DA:119,7
DA:120,7
DA:123,1
DA:124,1
LF:81
LH:81
BRF:0
BRH:0
end_of_record
TN:
SF:logic/message/update-message.js
FN:6,(anonymous_0)
FN:14,(anonymous_1)
FNF:2
FNH:2
FNDA:8,(anonymous_0)
FNDA:3,(anonymous_1)
DA:1,1
DA:2,1
DA:3,1
DA:6,1
DA:8,8
DA:9,7
DA:10,6
DA:11,5
DA:12,4
DA:14,3
DA:15,3
DA:16,3
DA:18,2
DA:20,1
LF:14
LH:14
BRDA:11,0,0,1
BRDA:11,0,1,4
BRDA:12,1,0,1
BRDA:12,1,1,3
BRDA:16,2,0,1
BRDA:16,2,1,2
BRDA:18,3,0,1
BRDA:18,3,1,1
BRF:8
BRH:8
end_of_record
TN:
SF:logic/message/update-message.spec.js
FN:10,(anonymous_0)
FN:11,(anonymous_1)
FN:16,(anonymous_2)
FN:37,(anonymous_3)
FN:45,(anonymous_4)
FN:59,(anonymous_5)
FN:71,(anonymous_6)
FN:73,(anonymous_7)
FN:75,(anonymous_8)
FN:79,(anonymous_9)
FN:83,(anonymous_10)
FN:86,(anonymous_11)
FN:90,(anonymous_12)
FN:93,(anonymous_13)
FN:99,(anonymous_14)
FN:106,(anonymous_15)
FNF:16
FNH:16
FNDA:1,(anonymous_0)
FNDA:1,(anonymous_1)
FNDA:5,(anonymous_2)
FNDA:1,(anonymous_3)
FNDA:1,(anonymous_4)
FNDA:1,(anonymous_5)
FNDA:1,(anonymous_6)
FNDA:1,(anonymous_7)
FNDA:1,(anonymous_8)
FNDA:1,(anonymous_9)
FNDA:1,(anonymous_10)
FNDA:1,(anonymous_11)
FNDA:1,(anonymous_12)
FNDA:1,(anonymous_13)
FNDA:5,(anonymous_14)
FNDA:1,(anonymous_15)
DA:1,1
DA:2,1
DA:3,1
DA:4,1
DA:5,1
DA:6,1
DA:7,1
DA:10,1
DA:11,1
DA:12,1
DA:15,1
DA:16,1
DA:17,5
DA:18,5
DA:19,5
DA:22,5
DA:23,5
DA:25,5
DA:26,5
DA:27,5
DA:29,5
DA:30,50
DA:31,50
DA:32,50
DA:34,5
DA:37,1
DA:38,1
DA:40,1
DA:41,1
DA:42,1
DA:45,1
DA:46,1
DA:47,1
DA:49,1
DA:50,1
DA:51,1
DA:53,1
DA:54,1
DA:55,1
DA:59,1
DA:60,1
DA:61,1
DA:62,1
DA:63,1
DA:65,1
DA:66,1
DA:67,1
DA:71,1
DA:73,1
DA:74,1
DA:75,1
DA:76,1
DA:78,1
DA:79,1
DA:80,1
DA:83,1
DA:86,1
DA:87,1
DA:90,1
DA:91,1
DA:93,1
DA:94,1
DA:99,1
DA:100,5
DA:101,5
DA:102,5
DA:103,5
DA:106,1
DA:107,1
LF:69
LH:69
BRF:0
BRH:0
end_of_record
TN:
SF:logic/room/create-room.js
FN:6,(anonymous_0)
FN:12,(anonymous_1)
FNF:2
FNH:2
FNDA:5,(anonymous_0)
FNDA:2,(anonymous_1)
DA:1,1
DA:2,1
DA:3,1
DA:6,1
DA:7,5
DA:8,4
DA:10,3
DA:12,2
DA:13,2
DA:15,2
DA:17,1
DA:18,1
DA:20,1
LF:13
LH:13
BRDA:10,0,0,1
BRDA:10,0,1,2
BRDA:15,1,0,1
BRDA:15,1,1,1
BRF:4
BRH:4
end_of_record
TN:
SF:logic/room/create-room.spec.js
FN:10,(anonymous_0)
FN:11,(anonymous_1)
FN:15,(anonymous_2)
FN:24,(anonymous_3)
FN:31,(anonymous_4)
FN:43,(anonymous_5)
FN:44,(anonymous_6)
FN:45,(anonymous_7)
FN:49,(anonymous_8)
FN:50,(anonymous_9)
FN:54,(anonymous_10)
FN:55,(anonymous_11)
FN:61,(anonymous_12)
FN:66,(anonymous_13)
FNF:14
FNH:14
FNDA:1,(anonymous_0)
FNDA:1,(anonymous_1)
FNDA:5,(anonymous_2)
FNDA:1,(anonymous_3)
FNDA:1,(anonymous_4)
FNDA:1,(anonymous_5)
FNDA:1,(anonymous_6)
FNDA:1,(anonymous_7)
FNDA:1,(anonymous_8)
FNDA:1,(anonymous_9)
FNDA:1,(anonymous_10)
FNDA:1,(anonymous_11)
FNDA:5,(anonymous_12)
FNDA:1,(anonymous_13)
DA:1,1
DA:2,1
DA:3,1
DA:4,1
DA:5,1
DA:6,1
DA:7,1
DA:10,1
DA:11,1
DA:12,1
DA:15,1
DA:16,5
DA:17,5
DA:19,5
DA:20,5
DA:21,5
DA:24,1
DA:25,1
DA:26,1
DA:27,1
DA:28,1
DA:31,1
DA:32,1
DA:33,1
DA:35,1
DA:37,1
DA:38,1
DA:39,1
DA:43,1
DA:44,1
DA:45,1
DA:46,1
DA:49,1
DA:50,1
DA:51,1
DA:54,1
DA:55,1
DA:56,1
DA:61,1
DA:62,5
DA:63,5
DA:66,1
DA:67,1
LF:43
LH:43
BRF:0
BRH:0
end_of_record
TN:
SF:logic/room/delete-room.js
FN:6,(anonymous_0)
FN:12,(anonymous_1)
FNF:2
FNH:2
FNDA:7,(anonymous_0)
FNDA:3,(anonymous_1)
DA:1,1
DA:2,1
DA:3,1
DA:6,1
DA:7,7
DA:8,6
DA:9,5
DA:10,4
DA:12,3
DA:13,3
DA:14,3
DA:16,2
DA:18,1
DA:19,1
LF:14
LH:14
BRDA:9,0,0,1
BRDA:9,0,1,4
BRDA:10,1,0,1
BRDA:10,1,1,3
BRDA:14,2,0,1
BRDA:14,2,1,2
BRDA:16,3,0,1
BRDA:16,3,1,1
BRF:8
BRH:8
end_of_record
TN:
SF:logic/room/delete-room.spec.js
FN:10,(anonymous_0)
FN:11,(anonymous_1)
FN:16,(anonymous_2)
FN:35,(anonymous_3)
FN:52,(anonymous_4)
FN:62,(anonymous_5)
FN:74,(anonymous_6)
FN:76,(anonymous_7)
FN:79,(anonymous_8)
FN:83,(anonymous_9)
FN:86,(anonymous_10)
FN:90,(anonymous_11)
FN:91,(anonymous_12)
FN:94,(anonymous_13)
FN:101,(anonymous_14)
FN:108,(anonymous_15)
FNF:16
FNH:16
FNDA:1,(anonymous_0)
FNDA:1,(anonymous_1)
FNDA:6,(anonymous_2)
FNDA:1,(anonymous_3)
FNDA:1,(anonymous_4)
FNDA:1,(anonymous_5)
FNDA:1,(anonymous_6)
FNDA:1,(anonymous_7)
FNDA:1,(anonymous_8)
FNDA:1,(anonymous_9)
FNDA:1,(anonymous_10)
FNDA:1,(anonymous_11)
FNDA:1,(anonymous_12)
FNDA:1,(anonymous_13)
FNDA:6,(anonymous_14)
FNDA:1,(anonymous_15)
DA:1,1
DA:2,1
DA:3,1
DA:4,1
DA:5,1
DA:6,1
DA:7,1
DA:10,1
DA:11,1
DA:12,1
DA:15,1
DA:16,1
DA:17,6
DA:18,6
DA:19,6
DA:21,6
DA:22,6
DA:24,6
DA:25,6
DA:27,6
DA:28,60
DA:29,60
DA:30,60
DA:35,1
DA:36,1
DA:37,1
DA:39,1
DA:40,1
DA:41,1
DA:43,1
DA:45,1
DA:46,1
DA:48,1
DA:49,1
DA:52,1
DA:53,1
DA:54,1
DA:55,1
DA:57,1
DA:58,1
DA:59,1
DA:62,1
DA:63,1
DA:64,1
DA:65,1
DA:67,1
DA:68,1
DA:69,1
DA:74,1
DA:76,1
DA:77,1
DA:79,1
DA:80,1
DA:83,1
DA:84,1
DA:86,1
DA:87,1
DA:90,1
DA:91,1
DA:92,1
DA:94,1
DA:95,1
DA:101,1
DA:102,6
DA:103,6
DA:104,6
DA:105,6
DA:108,1
DA:109,1
LF:69
LH:69
BRF:0
BRH:0
end_of_record
TN:
SF:logic/room/get-room.js
FN:6,(anonymous_0)
FN:9,(anonymous_1)
FN:27,(anonymous_2)
FNF:3
FNH:3
FNDA:5,(anonymous_0)
FNDA:4,(anonymous_1)
FNDA:10,(anonymous_2)
DA:1,1
DA:2,1
DA:3,1
DA:6,1
DA:7,5
DA:9,4
DA:10,4
DA:11,2
DA:13,2
DA:15,1
DA:23,2
DA:25,2
DA:27,1
DA:28,10
DA:37,1
LF:15
LH:15
BRDA:7,0,0,1
BRDA:7,0,1,4
BRDA:7,1,0,5
BRDA:7,1,1,3
BRDA:10,2,0,2
BRDA:10,2,1,2
BRDA:13,3,0,1
BRDA:13,3,1,1
BRDA:25,4,0,1
BRDA:25,4,1,1
BRF:10
BRH:10
end_of_record
TN:
SF:logic/room/get-room.spec.js
FN:10,(anonymous_0)
FN:11,(anonymous_1)
FN:16,(anonymous_2)
FN:30,(anonymous_3)
FN:39,(anonymous_4)
FN:43,(anonymous_5)
FN:47,(anonymous_6)
FN:59,(anonymous_7)
FN:72,(anonymous_8)
FN:74,(anonymous_9)
FN:77,(anonymous_10)
FN:83,(anonymous_11)
FN:89,(anonymous_12)
FNF:13
FNH:13
FNDA:1,(anonymous_0)
FNDA:1,(anonymous_1)
FNDA:5,(anonymous_2)
FNDA:1,(anonymous_3)
FNDA:1,(anonymous_4)
FNDA:10,(anonymous_5)
FNDA:1,(anonymous_6)
FNDA:1,(anonymous_7)
FNDA:1,(anonymous_8)
FNDA:1,(anonymous_9)
FNDA:1,(anonymous_10)
FNDA:5,(anonymous_11)
FNDA:1,(anonymous_12)
DA:1,1
DA:2,1
DA:3,1
DA:4,1
DA:5,1
DA:6,1
DA:7,1
DA:10,1
DA:11,1
DA:12,1
DA:15,1
DA:16,1
DA:17,5
DA:18,5
DA:20,5
DA:21,5
DA:22,5
DA:23,50
DA:24,50
DA:25,50
DA:30,1
DA:31,1
DA:32,1
DA:33,1
DA:34,1
DA:35,1
DA:36,1
DA:39,1
DA:40,1
DA:41,1
DA:42,1
DA:43,1
DA:44,10
DA:47,1
DA:48,1
DA:49,1
DA:50,1
DA:51,1
DA:54,1
DA:55,1
DA:56,1
DA:59,1
DA:60,1
DA:61,1
DA:62,1
DA:63,1
DA:66,1
DA:67,1
DA:68,1
DA:72,1
DA:74,1
DA:75,1
DA:77,1
DA:78,1
DA:83,1
DA:84,5
DA:85,5
DA:86,5
DA:89,1
DA:90,1
LF:60
LH:60
BRF:0
BRH:0
end_of_record
TN:
SF:logic/room/update-room.js
FN:6,(anonymous_0)
FN:14,(anonymous_1)
FNF:2
FNH:2
FNDA:9,(anonymous_0)
FNDA:4,(anonymous_1)
DA:1,1
DA:2,1
DA:3,1
DA:6,1
DA:7,9
DA:8,8
DA:9,7
DA:11,6
DA:12,5
DA:14,4
DA:15,4
DA:16,4
DA:18,3
DA:20,2
DA:21,2
DA:23,1
DA:24,1
DA:26,1
LF:18
LH:18
BRDA:11,0,0,1
BRDA:11,0,1,5
BRDA:12,1,0,1
BRDA:12,1,1,4
BRDA:16,2,0,1
BRDA:16,2,1,3
BRDA:18,3,0,1
BRDA:18,3,1,2
BRDA:21,4,0,1
BRDA:21,4,1,1
BRF:10
BRH:10
end_of_record
TN:
SF:logic/room/update-room.spec.js
FN:10,(anonymous_0)
FN:11,(anonymous_1)
FN:16,(anonymous_2)
FN:30,(anonymous_3)
FN:38,(anonymous_4)
FN:50,(anonymous_5)
FN:62,(anonymous_6)
FN:76,(anonymous_7)
FN:78,(anonymous_8)
FN:81,(anonymous_9)
FN:85,(anonymous_10)
FN:88,(anonymous_11)
FN:92,(anonymous_12)
FN:93,(anonymous_13)
FN:96,(anonymous_14)
FN:99,(anonymous_15)
FN:106,(anonymous_16)
FN:111,(anonymous_17)
FNF:18
FNH:18
FNDA:1,(anonymous_0)
FNDA:1,(anonymous_1)
FNDA:7,(anonymous_2)
FNDA:1,(anonymous_3)
FNDA:1,(anonymous_4)
FNDA:1,(anonymous_5)
FNDA:1,(anonymous_6)
FNDA:1,(anonymous_7)
FNDA:1,(anonymous_8)
FNDA:1,(anonymous_9)
FNDA:1,(anonymous_10)
FNDA:1,(anonymous_11)
FNDA:1,(anonymous_12)
FNDA:1,(anonymous_13)
FNDA:1,(anonymous_14)
FNDA:1,(anonymous_15)
FNDA:7,(anonymous_16)
FNDA:1,(anonymous_17)
DA:1,1
DA:2,1
DA:3,1
DA:4,1
DA:5,1
DA:6,1
DA:7,1
DA:10,1
DA:11,1
DA:12,1
DA:16,1
DA:17,7
DA:18,7
DA:20,7
DA:21,7
DA:23,7
DA:24,7
DA:25,7
DA:27,7
DA:30,1
DA:32,1
DA:34,1
DA:35,1
DA:36,1
DA:38,1
DA:39,1
DA:40,1
DA:41,1
DA:44,1
DA:45,1
DA:46,1
DA:50,1
DA:51,1
DA:52,1
DA:53,1
DA:56,1
DA:57,1
DA:58,1
DA:62,1
DA:63,1
DA:64,1
DA:65,1
DA:68,1
DA:69,1
DA:70,1
DA:76,1
DA:78,1
DA:79,1
DA:81,1
DA:82,1
DA:85,1
DA:86,1
DA:88,1
DA:89,1
DA:92,1
DA:93,1
DA:94,1
DA:96,1
DA:97,1
DA:99,1
DA:100,1
DA:106,1
DA:107,7
DA:108,7
DA:111,1
DA:112,1
LF:66
LH:66
BRF:0
BRH:0
end_of_record
TN:
SF:logic/user/authenticate-user.js
FN:6,(anonymous_0)
FN:12,(anonymous_1)
FNF:2
FNH:2
FNDA:7,(anonymous_0)
FNDA:3,(anonymous_1)
DA:1,1
DA:2,1
DA:3,1
DA:6,1
DA:7,7
DA:8,5
DA:9,5
DA:10,4
DA:12,3
DA:13,3
DA:15,3
DA:17,2
DA:19,2
DA:21,1
LF:14
LH:14
BRDA:15,0,0,1
BRDA:15,0,1,2
BRDA:19,1,0,1
BRDA:19,1,1,1
BRF:4
BRH:4
end_of_record
TN:
SF:logic/user/authenticate-user.spec.js
FN:12,(anonymous_0)
FN:13,(anonymous_1)
FN:18,(anonymous_2)
FN:29,(anonymous_3)
FN:37,(anonymous_4)
FN:48,(anonymous_5)
FN:59,(anonymous_6)
FN:60,(anonymous_7)
FN:61,(anonymous_8)
FN:64,(anonymous_9)
FN:69,(anonymous_10)
FN:71,(anonymous_11)
FN:75,(anonymous_12)
FN:76,(anonymous_13)
FN:82,(anonymous_14)
FN:86,(anonymous_15)
FNF:16
FNH:16
FNDA:1,(anonymous_0)
FNDA:1,(anonymous_1)
FNDA:6,(anonymous_2)
FNDA:1,(anonymous_3)
FNDA:1,(anonymous_4)
FNDA:1,(anonymous_5)
FNDA:1,(anonymous_6)
FNDA:1,(anonymous_7)
FNDA:1,(anonymous_8)
FNDA:1,(anonymous_9)
FNDA:1,(anonymous_10)
FNDA:1,(anonymous_11)
FNDA:1,(anonymous_12)
FNDA:1,(anonymous_13)
FNDA:6,(anonymous_14)
FNDA:1,(anonymous_15)
DA:1,1
DA:2,1
DA:3,1
DA:4,1
DA:5,1
DA:6,1
DA:7,1
DA:8,1
DA:12,1
DA:13,1
DA:14,1
DA:18,1
DA:19,6
DA:20,6
DA:21,6
DA:22,6
DA:23,6
DA:24,6
DA:29,1
DA:30,1
DA:31,1
DA:32,1
DA:33,1
DA:34,1
DA:37,1
DA:38,1
DA:40,1
DA:41,1
DA:43,1
DA:44,1
DA:45,1
DA:48,1
DA:49,1
DA:50,1
DA:51,1
DA:53,1
DA:54,1
DA:55,1
DA:59,1
DA:60,1
DA:61,1
DA:62,1
DA:64,1
DA:65,1
DA:69,1
DA:70,1
DA:71,1
DA:72,1
DA:75,1
DA:76,1
DA:77,1
DA:82,1
DA:83,6
DA:86,1
DA:87,1
LF:55
LH:55
BRF:0
BRH:0
end_of_record
TN:
SF:logic/user/get-users.js
FN:6,(anonymous_0)
FN:7,(anonymous_1)
FN:24,(anonymous_2)
FNF:3
FNH:3
FNDA:5,(anonymous_0)
FNDA:5,(anonymous_1)
FNDA:10,(anonymous_2)
DA:1,1
DA:2,1
DA:6,1
DA:7,5
DA:8,5
DA:10,3
DA:12,2
DA:13,2
DA:15,1
DA:21,2
DA:23,2
DA:24,1
DA:25,10
DA:31,1
LF:14
LH:14
BRDA:8,0,0,3
BRDA:8,0,1,2
BRDA:10,1,0,1
BRDA:10,1,1,2
BRDA:13,2,0,1
BRDA:13,2,1,1
BRDA:23,3,0,1
BRDA:23,3,1,1
BRF:8
BRH:8
end_of_record
TN:
SF:logic/user/get-users.spec.js
FN:11,(anonymous_0)
FN:12,(anonymous_1)
FN:18,(anonymous_2)
FN:30,(anonymous_3)
FN:40,(anonymous_4)
FN:44,(anonymous_5)
FN:49,(anonymous_6)
FN:60,(anonymous_7)
FN:78,(anonymous_8)
FN:90,(anonymous_9)
FN:95,(anonymous_10)
FNF:11
FNH:11
FNDA:1,(anonymous_0)
FNDA:1,(anonymous_1)
FNDA:5,(anonymous_2)
FNDA:1,(anonymous_3)
FNDA:1,(anonymous_4)
FNDA:10,(anonymous_5)
FNDA:1,(anonymous_6)
FNDA:1,(anonymous_7)
FNDA:1,(anonymous_8)
FNDA:5,(anonymous_9)
FNDA:1,(anonymous_10)
DA:1,1
DA:2,1
DA:3,1
DA:4,1
DA:5,1
DA:6,1
DA:7,1
DA:11,1
DA:12,1
DA:13,1
DA:17,1
DA:18,1
DA:19,5
DA:20,5
DA:21,50
DA:22,50
DA:23,50
DA:24,50
DA:25,50
DA:26,50
DA:30,1
DA:31,1
DA:33,1
DA:34,1
DA:35,1
DA:36,1
DA:37,1
DA:40,1
DA:41,1
DA:42,1
DA:43,1
DA:44,1
DA:45,10
DA:49,1
DA:50,1
DA:51,1
DA:52,1
DA:54,1
DA:55,1
DA:56,1
DA:60,1
DA:61,1
DA:62,1
DA:63,1
DA:64,1
DA:65,1
DA:67,1
DA:69,1
DA:70,1
DA:72,1
DA:73,1
DA:74,1
DA:78,1
DA:79,1
DA:80,1
DA:81,1
DA:83,1
DA:84,1
DA:85,1
DA:90,1
DA:91,5
DA:92,5
DA:95,1
DA:96,1
LF:64
LH:64
BRF:0
BRH:0
end_of_record
TN:
SF:logic/user/register-user.js
FN:5,(anonymous_0)
FN:13,(anonymous_1)
FNF:2
FNH:2
FNDA:5,(anonymous_0)
FNDA:2,(anonymous_1)
DA:1,1
DA:2,1
DA:3,1
DA:5,1
DA:7,5
DA:8,4
DA:9,4
DA:10,4
DA:11,3
DA:13,2
DA:15,2
DA:17,2
DA:19,1
DA:21,1
LF:14
LH:14
BRDA:17,0,0,1
BRDA:17,0,1,1
BRF:2
BRH:2
end_of_record
TN:
SF:logic/user/register-user.spec.js
FN:11,(anonymous_0)
FN:12,(anonymous_1)
FN:17,(anonymous_2)
FN:25,(anonymous_3)
FN:36,(anonymous_4)
FN:47,(anonymous_5)
FN:48,(anonymous_6)
FN:49,(anonymous_7)
FN:54,(anonymous_8)
FN:56,(anonymous_9)
FN:60,(anonymous_10)
FN:61,(anonymous_11)
FN:67,(anonymous_12)
FN:71,(anonymous_13)
FNF:14
FNH:14
FNDA:1,(anonymous_0)
FNDA:1,(anonymous_1)
FNDA:5,(anonymous_2)
FNDA:1,(anonymous_3)
FNDA:1,(anonymous_4)
FNDA:1,(anonymous_5)
FNDA:1,(anonymous_6)
FNDA:1,(anonymous_7)
FNDA:1,(anonymous_8)
FNDA:1,(anonymous_9)
FNDA:1,(anonymous_10)
FNDA:1,(anonymous_11)
FNDA:5,(anonymous_12)
FNDA:1,(anonymous_13)
DA:1,1
DA:2,1
DA:3,1
DA:4,1
DA:5,1
DA:6,1
DA:7,1
DA:8,1
DA:11,1
DA:12,1
DA:13,1
DA:17,1
DA:18,5
DA:19,5
DA:20,5
DA:21,5
DA:25,1
DA:26,1
DA:27,1
DA:29,1
DA:30,1
DA:31,1
DA:32,1
DA:33,1
DA:36,1
DA:37,1
DA:38,1
DA:39,1
DA:41,1
DA:42,1
DA:43,1
DA:47,1
DA:48,1
DA:49,1
DA:50,1
DA:54,1
DA:55,1
DA:56,1
DA:57,1
DA:60,1
DA:61,1
DA:62,1
DA:67,1
DA:68,5
DA:71,1
DA:72,1
LF:46
LH:46
BRF:0
BRH:0
end_of_record
