{"/Users/sergioluis/workspace/chat/chat-server-logic/logic/message/create-message.spec.js":{"path":"/Users/sergioluis/workspace/chat/chat-server-logic/logic/message/create-message.spec.js","statementMap":{"0":{"start":{"line":1,"column":78},"end":{"line":1,"column":98}},"1":{"start":{"line":2,"column":34},"end":{"line":2,"column":57}},"2":{"start":{"line":3,"column":19},"end":{"line":3,"column":34}},"3":{"start":{"line":4,"column":0},"end":{"line":4,"column":27}},"4":{"start":{"line":5,"column":33},"end":{"line":5,"column":40}},"5":{"start":{"line":6,"column":19},"end":{"line":6,"column":23}},"6":{"start":{"line":7,"column":22},"end":{"line":7,"column":49}},"7":{"start":{"line":10,"column":0},"end":{"line":76,"column":2}},"8":{"start":{"line":11,"column":4},"end":{"line":13,"column":6}},"9":{"start":{"line":12,"column":8},"end":{"line":12,"column":43}},"10":{"start":{"line":14,"column":4},"end":{"line":14,"column":12}},"11":{"start":{"line":16,"column":4},"end":{"line":30,"column":6}},"12":{"start":{"line":17,"column":8},"end":{"line":17,"column":31}},"13":{"start":{"line":18,"column":8},"end":{"line":18,"column":31}},"14":{"start":{"line":19,"column":8},"end":{"line":19,"column":34}},"15":{"start":{"line":21,"column":21},"end":{"line":21,"column":164}},"16":{"start":{"line":22,"column":8},"end":{"line":22,"column":39}},"17":{"start":{"line":23,"column":8},"end":{"line":23,"column":41}},"18":{"start":{"line":24,"column":21},"end":{"line":24,"column":90}},"19":{"start":{"line":25,"column":8},"end":{"line":25,"column":36}},"20":{"start":{"line":32,"column":4},"end":{"line":39,"column":6}},"21":{"start":{"line":33,"column":8},"end":{"line":33,"column":45}},"22":{"start":{"line":34,"column":8},"end":{"line":34,"column":62}},"23":{"start":{"line":36,"column":32},"end":{"line":36,"column":86}},"24":{"start":{"line":37,"column":8},"end":{"line":37,"column":40}},"25":{"start":{"line":38,"column":8},"end":{"line":38,"column":63}},"26":{"start":{"line":42,"column":4},"end":{"line":65,"column":6}},"27":{"start":{"line":43,"column":8},"end":{"line":47,"column":10}},"28":{"start":{"line":44,"column":12},"end":{"line":46,"column":70}},"29":{"start":{"line":45,"column":16},"end":{"line":45,"column":80}},"30":{"start":{"line":48,"column":8},"end":{"line":52,"column":10}},"31":{"start":{"line":49,"column":12},"end":{"line":51,"column":73}},"32":{"start":{"line":50,"column":16},"end":{"line":50,"column":80}},"33":{"start":{"line":53,"column":8},"end":{"line":64,"column":10}},"34":{"start":{"line":54,"column":12},"end":{"line":56,"column":62}},"35":{"start":{"line":55,"column":16},"end":{"line":55,"column":60}},"36":{"start":{"line":57,"column":12},"end":{"line":59,"column":62}},"37":{"start":{"line":58,"column":16},"end":{"line":58,"column":57}},"38":{"start":{"line":60,"column":12},"end":{"line":62,"column":62}},"39":{"start":{"line":61,"column":16},"end":{"line":61,"column":53}},"40":{"start":{"line":67,"column":4},"end":{"line":71,"column":6}},"41":{"start":{"line":68,"column":8},"end":{"line":68,"column":31}},"42":{"start":{"line":69,"column":8},"end":{"line":69,"column":31}},"43":{"start":{"line":70,"column":8},"end":{"line":70,"column":34}},"44":{"start":{"line":73,"column":4},"end":{"line":75,"column":6}},"45":{"start":{"line":74,"column":8},"end":{"line":74,"column":35}}},"fnMap":{"0":{"name":"(anonymous_0)","decl":{"start":{"line":10,"column":37},"end":{"line":10,"column":38}},"loc":{"start":{"line":10,"column":43},"end":{"line":76,"column":1}},"line":10},"1":{"name":"(anonymous_1)","decl":{"start":{"line":11,"column":11},"end":{"line":11,"column":12}},"loc":{"start":{"line":11,"column":23},"end":{"line":13,"column":5}},"line":11},"2":{"name":"(anonymous_2)","decl":{"start":{"line":16,"column":15},"end":{"line":16,"column":16}},"loc":{"start":{"line":16,"column":27},"end":{"line":30,"column":5}},"line":16},"3":{"name":"(anonymous_3)","decl":{"start":{"line":32,"column":45},"end":{"line":32,"column":46}},"loc":{"start":{"line":32,"column":57},"end":{"line":39,"column":5}},"line":32},"4":{"name":"(anonymous_4)","decl":{"start":{"line":42,"column":32},"end":{"line":42,"column":33}},"loc":{"start":{"line":42,"column":38},"end":{"line":65,"column":5}},"line":42},"5":{"name":"(anonymous_5)","decl":{"start":{"line":43,"column":38},"end":{"line":43,"column":39}},"loc":{"start":{"line":43,"column":44},"end":{"line":47,"column":9}},"line":43},"6":{"name":"(anonymous_6)","decl":{"start":{"line":44,"column":19},"end":{"line":44,"column":20}},"loc":{"start":{"line":44,"column":25},"end":{"line":46,"column":13}},"line":44},"7":{"name":"(anonymous_7)","decl":{"start":{"line":48,"column":41},"end":{"line":48,"column":42}},"loc":{"start":{"line":48,"column":47},"end":{"line":52,"column":9}},"line":48},"8":{"name":"(anonymous_8)","decl":{"start":{"line":49,"column":19},"end":{"line":49,"column":20}},"loc":{"start":{"line":49,"column":25},"end":{"line":51,"column":13}},"line":49},"9":{"name":"(anonymous_9)","decl":{"start":{"line":53,"column":32},"end":{"line":53,"column":33}},"loc":{"start":{"line":53,"column":38},"end":{"line":64,"column":9}},"line":53},"10":{"name":"(anonymous_10)","decl":{"start":{"line":54,"column":19},"end":{"line":54,"column":20}},"loc":{"start":{"line":54,"column":25},"end":{"line":56,"column":13}},"line":54},"11":{"name":"(anonymous_11)","decl":{"start":{"line":57,"column":19},"end":{"line":57,"column":20}},"loc":{"start":{"line":57,"column":25},"end":{"line":59,"column":13}},"line":57},"12":{"name":"(anonymous_12)","decl":{"start":{"line":60,"column":19},"end":{"line":60,"column":20}},"loc":{"start":{"line":60,"column":25},"end":{"line":62,"column":13}},"line":60},"13":{"name":"(anonymous_13)","decl":{"start":{"line":67,"column":14},"end":{"line":67,"column":15}},"loc":{"start":{"line":67,"column":26},"end":{"line":71,"column":5}},"line":67},"14":{"name":"(anonymous_14)","decl":{"start":{"line":73,"column":10},"end":{"line":73,"column":11}},"loc":{"start":{"line":73,"column":22},"end":{"line":75,"column":5}},"line":73}},"branchMap":{},"s":{"0":1,"1":1,"2":1,"3":1,"4":1,"5":1,"6":1,"7":1,"8":1,"9":1,"10":1,"11":1,"12":4,"13":4,"14":4,"15":4,"16":4,"17":4,"18":4,"19":4,"20":1,"21":1,"22":1,"23":1,"24":1,"25":1,"26":1,"27":1,"28":1,"29":1,"30":1,"31":1,"32":1,"33":1,"34":1,"35":1,"36":1,"37":1,"38":1,"39":1,"40":1,"41":4,"42":4,"43":4,"44":1,"45":1},"f":{"0":1,"1":1,"2":4,"3":1,"4":1,"5":1,"6":1,"7":1,"8":1,"9":1,"10":1,"11":1,"12":1,"13":4,"14":1},"b":{},"_coverageSchema":"1a1c01bbd47fc00a2c39e90264f33305004495a9","hash":"04553ea87e42872df5388b5f211ba78b3f4766a2","contentHash":"69320476af92e9b1a93b54b7d8611bd1ffa6170fa128169b330e16bdd664bc0b"},"/Users/sergioluis/workspace/chat/chat-server-logic/logic/message/create-message.js":{"path":"/Users/sergioluis/workspace/chat/chat-server-logic/logic/message/create-message.js","statementMap":{"0":{"start":{"line":1,"column":56},"end":{"line":1,"column":76}},"1":{"start":{"line":2,"column":58},"end":{"line":2,"column":81}},"2":{"start":{"line":3,"column":0},"end":{"line":3,"column":27}},"3":{"start":{"line":8,"column":0},"end":{"line":27,"column":1}},"4":{"start":{"line":10,"column":4},"end":{"line":10,"column":26}},"5":{"start":{"line":11,"column":4},"end":{"line":11,"column":29}},"6":{"start":{"line":12,"column":4},"end":{"line":12,"column":27}},"7":{"start":{"line":13,"column":4},"end":{"line":13,"column":90}},"8":{"start":{"line":13,"column":35},"end":{"line":13,"column":90}},"9":{"start":{"line":14,"column":4},"end":{"line":14,"column":96}},"10":{"start":{"line":14,"column":38},"end":{"line":14,"column":96}},"11":{"start":{"line":16,"column":4},"end":{"line":26,"column":8}},"12":{"start":{"line":17,"column":8},"end":{"line":17,"column":102}},"13":{"start":{"line":19,"column":25},"end":{"line":19,"column":113}},"14":{"start":{"line":20,"column":8},"end":{"line":25,"column":9}}},"fnMap":{"0":{"name":"(anonymous_0)","decl":{"start":{"line":8,"column":17},"end":{"line":8,"column":18}},"loc":{"start":{"line":8,"column":49},"end":{"line":27,"column":1}},"line":8},"1":{"name":"(anonymous_1)","decl":{"start":{"line":16,"column":12},"end":{"line":16,"column":13}},"loc":{"start":{"line":16,"column":24},"end":{"line":26,"column":5}},"line":16}},"branchMap":{"0":{"loc":{"start":{"line":13,"column":4},"end":{"line":13,"column":90}},"type":"if","locations":[{"start":{"line":13,"column":4},"end":{"line":13,"column":90}},{"start":{"line":13,"column":4},"end":{"line":13,"column":90}}],"line":13},"1":{"loc":{"start":{"line":14,"column":4},"end":{"line":14,"column":96}},"type":"if","locations":[{"start":{"line":14,"column":4},"end":{"line":14,"column":96}},{"start":{"line":14,"column":4},"end":{"line":14,"column":96}}],"line":14}},"s":{"0":1,"1":1,"2":1,"3":1,"4":6,"5":5,"6":4,"7":3,"8":1,"9":2,"10":1,"11":1,"12":1,"13":1,"14":1},"f":{"0":6,"1":1},"b":{"0":[1,2],"1":[1,1]},"_coverageSchema":"1a1c01bbd47fc00a2c39e90264f33305004495a9","hash":"a6574f01081675a7af37a65fb260715a0f5772e1","contentHash":"7b3c64c20f110b9cfccf35904fd6cd6736a06414c5379df9a6fa03b49e299d3d"},"/Users/sergioluis/workspace/chat/chat-server-logic/logic/message/delete-message.spec.js":{"path":"/Users/sergioluis/workspace/chat/chat-server-logic/logic/message/delete-message.spec.js","statementMap":{"0":{"start":{"line":1,"column":78},"end":{"line":1,"column":98}},"1":{"start":{"line":2,"column":34},"end":{"line":2,"column":57}},"2":{"start":{"line":3,"column":19},"end":{"line":3,"column":34}},"3":{"start":{"line":4,"column":0},"end":{"line":4,"column":27}},"4":{"start":{"line":5,"column":33},"end":{"line":5,"column":40}},"5":{"start":{"line":6,"column":19},"end":{"line":6,"column":23}},"6":{"start":{"line":7,"column":22},"end":{"line":7,"column":49}},"7":{"start":{"line":10,"column":0},"end":{"line":104,"column":2}},"8":{"start":{"line":11,"column":4},"end":{"line":13,"column":6}},"9":{"start":{"line":12,"column":8},"end":{"line":12,"column":43}},"10":{"start":{"line":15,"column":42},"end":{"line":15,"column":44}},"11":{"start":{"line":16,"column":4},"end":{"line":34,"column":6}},"12":{"start":{"line":17,"column":8},"end":{"line":17,"column":31}},"13":{"start":{"line":18,"column":8},"end":{"line":18,"column":31}},"14":{"start":{"line":19,"column":8},"end":{"line":19,"column":34}},"15":{"start":{"line":22,"column":21},"end":{"line":22,"column":164}},"16":{"start":{"line":23,"column":8},"end":{"line":23,"column":39}},"17":{"start":{"line":25,"column":8},"end":{"line":25,"column":41}},"18":{"start":{"line":26,"column":21},"end":{"line":26,"column":90}},"19":{"start":{"line":27,"column":8},"end":{"line":27,"column":36}},"20":{"start":{"line":29,"column":8},"end":{"line":33,"column":9}},"21":{"start":{"line":29,"column":21},"end":{"line":29,"column":22}},"22":{"start":{"line":30,"column":26},"end":{"line":30,"column":47}},"23":{"start":{"line":31,"column":29},"end":{"line":31,"column":106}},"24":{"start":{"line":32,"column":12},"end":{"line":32,"column":52}},"25":{"start":{"line":36,"column":4},"end":{"line":42,"column":6}},"26":{"start":{"line":37,"column":20},"end":{"line":37,"column":56}},"27":{"start":{"line":39,"column":8},"end":{"line":39,"column":58}},"28":{"start":{"line":40,"column":25},"end":{"line":40,"column":66}},"29":{"start":{"line":41,"column":8},"end":{"line":41,"column":36}},"30":{"start":{"line":44,"column":4},"end":{"line":56,"column":6}},"31":{"start":{"line":45,"column":20},"end":{"line":45,"column":56}},"32":{"start":{"line":46,"column":22},"end":{"line":46,"column":165}},"33":{"start":{"line":47,"column":8},"end":{"line":47,"column":40}},"34":{"start":{"line":48,"column":8},"end":{"line":54,"column":9}},"35":{"start":{"line":49,"column":12},"end":{"line":49,"column":62}},"36":{"start":{"line":51,"column":12},"end":{"line":51,"column":34}},"37":{"start":{"line":52,"column":12},"end":{"line":52,"column":52}},"38":{"start":{"line":53,"column":12},"end":{"line":53,"column":78}},"39":{"start":{"line":57,"column":4},"end":{"line":67,"column":6}},"40":{"start":{"line":58,"column":20},"end":{"line":58,"column":56}},"41":{"start":{"line":59,"column":8},"end":{"line":59,"column":58}},"42":{"start":{"line":60,"column":8},"end":{"line":66,"column":9}},"43":{"start":{"line":61,"column":12},"end":{"line":61,"column":62}},"44":{"start":{"line":63,"column":12},"end":{"line":63,"column":34}},"45":{"start":{"line":64,"column":12},"end":{"line":64,"column":52}},"46":{"start":{"line":65,"column":12},"end":{"line":65,"column":81}},"47":{"start":{"line":69,"column":4},"end":{"line":92,"column":6}},"48":{"start":{"line":71,"column":8},"end":{"line":80,"column":10}},"49":{"start":{"line":72,"column":33},"end":{"line":72,"column":48}},"50":{"start":{"line":73,"column":12},"end":{"line":75,"column":76}},"51":{"start":{"line":74,"column":16},"end":{"line":74,"column":55}},"52":{"start":{"line":76,"column":33},"end":{"line":76,"column":48}},"53":{"start":{"line":77,"column":12},"end":{"line":79,"column":73}},"54":{"start":{"line":78,"column":16},"end":{"line":78,"column":59}},"55":{"start":{"line":81,"column":8},"end":{"line":91,"column":10}},"56":{"start":{"line":84,"column":12},"end":{"line":86,"column":62}},"57":{"start":{"line":85,"column":16},"end":{"line":85,"column":45}},"58":{"start":{"line":88,"column":12},"end":{"line":90,"column":62}},"59":{"start":{"line":89,"column":16},"end":{"line":89,"column":49}},"60":{"start":{"line":94,"column":4},"end":{"line":99,"column":6}},"61":{"start":{"line":95,"column":8},"end":{"line":95,"column":31}},"62":{"start":{"line":96,"column":8},"end":{"line":96,"column":31}},"63":{"start":{"line":97,"column":8},"end":{"line":97,"column":34}},"64":{"start":{"line":98,"column":8},"end":{"line":98,"column":23}},"65":{"start":{"line":101,"column":4},"end":{"line":103,"column":6}},"66":{"start":{"line":102,"column":8},"end":{"line":102,"column":35}}},"fnMap":{"0":{"name":"(anonymous_0)","decl":{"start":{"line":10,"column":40},"end":{"line":10,"column":41}},"loc":{"start":{"line":10,"column":46},"end":{"line":104,"column":1}},"line":10},"1":{"name":"(anonymous_1)","decl":{"start":{"line":11,"column":11},"end":{"line":11,"column":12}},"loc":{"start":{"line":11,"column":23},"end":{"line":13,"column":5}},"line":11},"2":{"name":"(anonymous_2)","decl":{"start":{"line":16,"column":15},"end":{"line":16,"column":16}},"loc":{"start":{"line":16,"column":27},"end":{"line":34,"column":5}},"line":16},"3":{"name":"(anonymous_3)","decl":{"start":{"line":36,"column":45},"end":{"line":36,"column":46}},"loc":{"start":{"line":36,"column":57},"end":{"line":42,"column":5}},"line":36},"4":{"name":"(anonymous_4)","decl":{"start":{"line":44,"column":60},"end":{"line":44,"column":61}},"loc":{"start":{"line":44,"column":72},"end":{"line":56,"column":5}},"line":44},"5":{"name":"(anonymous_5)","decl":{"start":{"line":57,"column":54},"end":{"line":57,"column":55}},"loc":{"start":{"line":57,"column":66},"end":{"line":67,"column":5}},"line":57},"6":{"name":"(anonymous_6)","decl":{"start":{"line":69,"column":32},"end":{"line":69,"column":33}},"loc":{"start":{"line":69,"column":38},"end":{"line":92,"column":5}},"line":69},"7":{"name":"(anonymous_7)","decl":{"start":{"line":71,"column":34},"end":{"line":71,"column":35}},"loc":{"start":{"line":71,"column":40},"end":{"line":80,"column":9}},"line":71},"8":{"name":"(anonymous_8)","decl":{"start":{"line":73,"column":19},"end":{"line":73,"column":20}},"loc":{"start":{"line":73,"column":25},"end":{"line":75,"column":13}},"line":73},"9":{"name":"(anonymous_9)","decl":{"start":{"line":77,"column":19},"end":{"line":77,"column":20}},"loc":{"start":{"line":77,"column":25},"end":{"line":79,"column":13}},"line":77},"10":{"name":"(anonymous_10)","decl":{"start":{"line":81,"column":36},"end":{"line":81,"column":37}},"loc":{"start":{"line":81,"column":42},"end":{"line":91,"column":9}},"line":81},"11":{"name":"(anonymous_11)","decl":{"start":{"line":84,"column":19},"end":{"line":84,"column":20}},"loc":{"start":{"line":84,"column":25},"end":{"line":86,"column":13}},"line":84},"12":{"name":"(anonymous_12)","decl":{"start":{"line":88,"column":19},"end":{"line":88,"column":20}},"loc":{"start":{"line":88,"column":25},"end":{"line":90,"column":13}},"line":88},"13":{"name":"(anonymous_13)","decl":{"start":{"line":94,"column":14},"end":{"line":94,"column":15}},"loc":{"start":{"line":94,"column":26},"end":{"line":99,"column":5}},"line":94},"14":{"name":"(anonymous_14)","decl":{"start":{"line":101,"column":10},"end":{"line":101,"column":11}},"loc":{"start":{"line":101,"column":22},"end":{"line":103,"column":5}},"line":101}},"branchMap":{},"s":{"0":1,"1":1,"2":1,"3":1,"4":1,"5":1,"6":1,"7":1,"8":1,"9":1,"10":1,"11":1,"12":5,"13":5,"14":5,"15":5,"16":5,"17":5,"18":5,"19":5,"20":5,"21":5,"22":50,"23":50,"24":50,"25":1,"26":1,"27":1,"28":1,"29":1,"30":1,"31":1,"32":1,"33":1,"34":1,"35":1,"36":1,"37":1,"38":1,"39":1,"40":1,"41":1,"42":1,"43":1,"44":1,"45":1,"46":1,"47":1,"48":1,"49":1,"50":1,"51":1,"52":1,"53":1,"54":1,"55":1,"56":1,"57":1,"58":1,"59":1,"60":1,"61":5,"62":5,"63":5,"64":5,"65":1,"66":1},"f":{"0":1,"1":1,"2":5,"3":1,"4":1,"5":1,"6":1,"7":1,"8":1,"9":1,"10":1,"11":1,"12":1,"13":5,"14":1},"b":{},"_coverageSchema":"1a1c01bbd47fc00a2c39e90264f33305004495a9","hash":"604daf1751924c21c792dc6ca192cd1b28649140","contentHash":"63bfa872fc96d505bd6a7547f6b39028ce57ee00a71bcd3c97475473e1ddf759"},"/Users/sergioluis/workspace/chat/chat-server-logic/logic/message/delete-message.js":{"path":"/Users/sergioluis/workspace/chat/chat-server-logic/logic/message/delete-message.js","statementMap":{"0":{"start":{"line":1,"column":56},"end":{"line":1,"column":76}},"1":{"start":{"line":2,"column":78},"end":{"line":2,"column":101}},"2":{"start":{"line":3,"column":0},"end":{"line":3,"column":27}},"3":{"start":{"line":6,"column":0},"end":{"line":20,"column":1}},"4":{"start":{"line":7,"column":4},"end":{"line":7,"column":26}},"5":{"start":{"line":8,"column":4},"end":{"line":8,"column":29}},"6":{"start":{"line":9,"column":4},"end":{"line":9,"column":100}},"7":{"start":{"line":9,"column":38},"end":{"line":9,"column":100}},"8":{"start":{"line":10,"column":4},"end":{"line":10,"column":94}},"9":{"start":{"line":10,"column":35},"end":{"line":10,"column":94}},"10":{"start":{"line":12,"column":4},"end":{"line":19,"column":8}},"11":{"start":{"line":13,"column":24},"end":{"line":13,"column":57}},"12":{"start":{"line":14,"column":8},"end":{"line":14,"column":88}},"13":{"start":{"line":14,"column":22},"end":{"line":14,"column":88}},"14":{"start":{"line":16,"column":8},"end":{"line":16,"column":112}},"15":{"start":{"line":16,"column":50},"end":{"line":16,"column":112}},"16":{"start":{"line":18,"column":8},"end":{"line":18,"column":61}}},"fnMap":{"0":{"name":"(anonymous_0)","decl":{"start":{"line":6,"column":17},"end":{"line":6,"column":18}},"loc":{"start":{"line":6,"column":40},"end":{"line":20,"column":1}},"line":6},"1":{"name":"(anonymous_1)","decl":{"start":{"line":12,"column":12},"end":{"line":12,"column":13}},"loc":{"start":{"line":12,"column":24},"end":{"line":19,"column":5}},"line":12}},"branchMap":{"0":{"loc":{"start":{"line":9,"column":4},"end":{"line":9,"column":100}},"type":"if","locations":[{"start":{"line":9,"column":4},"end":{"line":9,"column":100}},{"start":{"line":9,"column":4},"end":{"line":9,"column":100}}],"line":9},"1":{"loc":{"start":{"line":10,"column":4},"end":{"line":10,"column":94}},"type":"if","locations":[{"start":{"line":10,"column":4},"end":{"line":10,"column":94}},{"start":{"line":10,"column":4},"end":{"line":10,"column":94}}],"line":10},"2":{"loc":{"start":{"line":14,"column":8},"end":{"line":14,"column":88}},"type":"if","locations":[{"start":{"line":14,"column":8},"end":{"line":14,"column":88}},{"start":{"line":14,"column":8},"end":{"line":14,"column":88}}],"line":14},"3":{"loc":{"start":{"line":16,"column":8},"end":{"line":16,"column":112}},"type":"if","locations":[{"start":{"line":16,"column":8},"end":{"line":16,"column":112}},{"start":{"line":16,"column":8},"end":{"line":16,"column":112}}],"line":16}},"s":{"0":1,"1":1,"2":1,"3":1,"4":7,"5":6,"6":5,"7":1,"8":4,"9":1,"10":3,"11":3,"12":3,"13":1,"14":2,"15":1,"16":1},"f":{"0":7,"1":3},"b":{"0":[1,4],"1":[1,3],"2":[1,2],"3":[1,1]},"_coverageSchema":"1a1c01bbd47fc00a2c39e90264f33305004495a9","hash":"3aa44f762bbd10496c674570ba52ef530dd5c5f9","contentHash":"0e1aa6f51cb43f257db2760bcbfc9dd5864ea9bead8facd1fd2a1f1df5973022"},"/Users/sergioluis/workspace/chat/chat-server-logic/logic/message/get-message.spec.js":{"path":"/Users/sergioluis/workspace/chat/chat-server-logic/logic/message/get-message.spec.js","statementMap":{"0":{"start":{"line":1,"column":78},"end":{"line":1,"column":98}},"1":{"start":{"line":2,"column":34},"end":{"line":2,"column":57}},"2":{"start":{"line":3,"column":19},"end":{"line":3,"column":34}},"3":{"start":{"line":4,"column":0},"end":{"line":4,"column":27}},"4":{"start":{"line":5,"column":33},"end":{"line":5,"column":40}},"5":{"start":{"line":6,"column":19},"end":{"line":6,"column":23}},"6":{"start":{"line":7,"column":19},"end":{"line":7,"column":43}},"7":{"start":{"line":10,"column":0},"end":{"line":126,"column":2}},"8":{"start":{"line":11,"column":4},"end":{"line":13,"column":6}},"9":{"start":{"line":12,"column":8},"end":{"line":12,"column":43}},"10":{"start":{"line":15,"column":42},"end":{"line":15,"column":44}},"11":{"start":{"line":16,"column":4},"end":{"line":35,"column":6}},"12":{"start":{"line":17,"column":8},"end":{"line":17,"column":31}},"13":{"start":{"line":18,"column":8},"end":{"line":18,"column":31}},"14":{"start":{"line":19,"column":8},"end":{"line":19,"column":34}},"15":{"start":{"line":22,"column":8},"end":{"line":22,"column":36}},"16":{"start":{"line":23,"column":21},"end":{"line":23,"column":155}},"17":{"start":{"line":24,"column":8},"end":{"line":24,"column":39}},"18":{"start":{"line":26,"column":8},"end":{"line":26,"column":41}},"19":{"start":{"line":27,"column":21},"end":{"line":27,"column":90}},"20":{"start":{"line":28,"column":8},"end":{"line":28,"column":36}},"21":{"start":{"line":30,"column":8},"end":{"line":34,"column":9}},"22":{"start":{"line":30,"column":21},"end":{"line":30,"column":22}},"23":{"start":{"line":31,"column":26},"end":{"line":31,"column":47}},"24":{"start":{"line":32,"column":29},"end":{"line":32,"column":106}},"25":{"start":{"line":33,"column":12},"end":{"line":33,"column":52}},"26":{"start":{"line":37,"column":4},"end":{"line":46,"column":6}},"27":{"start":{"line":38,"column":20},"end":{"line":38,"column":56}},"28":{"start":{"line":39,"column":25},"end":{"line":39,"column":68}},"29":{"start":{"line":40,"column":8},"end":{"line":40,"column":33}},"30":{"start":{"line":41,"column":8},"end":{"line":41,"column":44}},"31":{"start":{"line":43,"column":43},"end":{"line":43,"column":51}},"32":{"start":{"line":44,"column":8},"end":{"line":44,"column":46}},"33":{"start":{"line":45,"column":8},"end":{"line":45,"column":39}},"34":{"start":{"line":48,"column":4},"end":{"line":56,"column":6}},"35":{"start":{"line":49,"column":26},"end":{"line":49,"column":50}},"36":{"start":{"line":51,"column":8},"end":{"line":51,"column":34}},"37":{"start":{"line":52,"column":8},"end":{"line":52,"column":60}},"38":{"start":{"line":53,"column":8},"end":{"line":55,"column":10}},"39":{"start":{"line":54,"column":12},"end":{"line":54,"column":59}},"40":{"start":{"line":57,"column":4},"end":{"line":68,"column":6}},"41":{"start":{"line":58,"column":8},"end":{"line":58,"column":52}},"42":{"start":{"line":59,"column":8},"end":{"line":59,"column":58}},"43":{"start":{"line":60,"column":8},"end":{"line":67,"column":9}},"44":{"start":{"line":61,"column":12},"end":{"line":61,"column":56}},"45":{"start":{"line":64,"column":12},"end":{"line":64,"column":34}},"46":{"start":{"line":65,"column":12},"end":{"line":65,"column":52}},"47":{"start":{"line":66,"column":12},"end":{"line":66,"column":81}},"48":{"start":{"line":69,"column":4},"end":{"line":80,"column":6}},"49":{"start":{"line":70,"column":8},"end":{"line":70,"column":52}},"50":{"start":{"line":72,"column":8},"end":{"line":72,"column":44}},"51":{"start":{"line":73,"column":8},"end":{"line":79,"column":9}},"52":{"start":{"line":74,"column":12},"end":{"line":74,"column":56}},"53":{"start":{"line":76,"column":12},"end":{"line":76,"column":34}},"54":{"start":{"line":77,"column":12},"end":{"line":77,"column":52}},"55":{"start":{"line":78,"column":12},"end":{"line":78,"column":78}},"56":{"start":{"line":81,"column":4},"end":{"line":92,"column":6}},"57":{"start":{"line":82,"column":8},"end":{"line":82,"column":52}},"58":{"start":{"line":84,"column":8},"end":{"line":84,"column":34}},"59":{"start":{"line":85,"column":8},"end":{"line":91,"column":9}},"60":{"start":{"line":86,"column":12},"end":{"line":86,"column":37}},"61":{"start":{"line":88,"column":12},"end":{"line":88,"column":34}},"62":{"start":{"line":89,"column":12},"end":{"line":89,"column":52}},"63":{"start":{"line":90,"column":12},"end":{"line":90,"column":82}},"64":{"start":{"line":95,"column":4},"end":{"line":114,"column":6}},"65":{"start":{"line":97,"column":8},"end":{"line":106,"column":10}},"66":{"start":{"line":98,"column":30},"end":{"line":98,"column":45}},"67":{"start":{"line":99,"column":12},"end":{"line":101,"column":73}},"68":{"start":{"line":100,"column":16},"end":{"line":100,"column":57}},"69":{"start":{"line":102,"column":33},"end":{"line":102,"column":48}},"70":{"start":{"line":103,"column":12},"end":{"line":105,"column":76}},"71":{"start":{"line":104,"column":16},"end":{"line":104,"column":49}},"72":{"start":{"line":107,"column":8},"end":{"line":113,"column":10}},"73":{"start":{"line":110,"column":12},"end":{"line":112,"column":62}},"74":{"start":{"line":111,"column":16},"end":{"line":111,"column":50}},"75":{"start":{"line":116,"column":4},"end":{"line":121,"column":6}},"76":{"start":{"line":117,"column":8},"end":{"line":117,"column":31}},"77":{"start":{"line":118,"column":8},"end":{"line":118,"column":31}},"78":{"start":{"line":119,"column":8},"end":{"line":119,"column":34}},"79":{"start":{"line":120,"column":8},"end":{"line":120,"column":23}},"80":{"start":{"line":123,"column":4},"end":{"line":125,"column":6}},"81":{"start":{"line":124,"column":8},"end":{"line":124,"column":35}}},"fnMap":{"0":{"name":"(anonymous_0)","decl":{"start":{"line":10,"column":37},"end":{"line":10,"column":38}},"loc":{"start":{"line":10,"column":43},"end":{"line":126,"column":1}},"line":10},"1":{"name":"(anonymous_1)","decl":{"start":{"line":11,"column":11},"end":{"line":11,"column":12}},"loc":{"start":{"line":11,"column":23},"end":{"line":13,"column":5}},"line":11},"2":{"name":"(anonymous_2)","decl":{"start":{"line":16,"column":15},"end":{"line":16,"column":16}},"loc":{"start":{"line":16,"column":27},"end":{"line":35,"column":5}},"line":16},"3":{"name":"(anonymous_3)","decl":{"start":{"line":37,"column":44},"end":{"line":37,"column":45}},"loc":{"start":{"line":37,"column":56},"end":{"line":46,"column":5}},"line":37},"4":{"name":"(anonymous_4)","decl":{"start":{"line":48,"column":46},"end":{"line":48,"column":47}},"loc":{"start":{"line":48,"column":58},"end":{"line":56,"column":5}},"line":48},"5":{"name":"(anonymous_5)","decl":{"start":{"line":53,"column":26},"end":{"line":53,"column":27}},"loc":{"start":{"line":53,"column":47},"end":{"line":55,"column":9}},"line":53},"6":{"name":"(anonymous_6)","decl":{"start":{"line":57,"column":70},"end":{"line":57,"column":71}},"loc":{"start":{"line":57,"column":82},"end":{"line":68,"column":5}},"line":57},"7":{"name":"(anonymous_7)","decl":{"start":{"line":69,"column":75},"end":{"line":69,"column":76}},"loc":{"start":{"line":69,"column":87},"end":{"line":80,"column":5}},"line":69},"8":{"name":"(anonymous_8)","decl":{"start":{"line":81,"column":56},"end":{"line":81,"column":57}},"loc":{"start":{"line":81,"column":68},"end":{"line":92,"column":5}},"line":81},"9":{"name":"(anonymous_9)","decl":{"start":{"line":95,"column":32},"end":{"line":95,"column":33}},"loc":{"start":{"line":95,"column":38},"end":{"line":114,"column":5}},"line":95},"10":{"name":"(anonymous_10)","decl":{"start":{"line":97,"column":34},"end":{"line":97,"column":35}},"loc":{"start":{"line":97,"column":40},"end":{"line":106,"column":9}},"line":97},"11":{"name":"(anonymous_11)","decl":{"start":{"line":99,"column":19},"end":{"line":99,"column":20}},"loc":{"start":{"line":99,"column":25},"end":{"line":101,"column":13}},"line":99},"12":{"name":"(anonymous_12)","decl":{"start":{"line":103,"column":19},"end":{"line":103,"column":20}},"loc":{"start":{"line":103,"column":25},"end":{"line":105,"column":13}},"line":103},"13":{"name":"(anonymous_13)","decl":{"start":{"line":107,"column":36},"end":{"line":107,"column":37}},"loc":{"start":{"line":107,"column":42},"end":{"line":113,"column":9}},"line":107},"14":{"name":"(anonymous_14)","decl":{"start":{"line":110,"column":19},"end":{"line":110,"column":20}},"loc":{"start":{"line":110,"column":25},"end":{"line":112,"column":13}},"line":110},"15":{"name":"(anonymous_15)","decl":{"start":{"line":116,"column":14},"end":{"line":116,"column":15}},"loc":{"start":{"line":116,"column":26},"end":{"line":121,"column":5}},"line":116},"16":{"name":"(anonymous_16)","decl":{"start":{"line":123,"column":10},"end":{"line":123,"column":11}},"loc":{"start":{"line":123,"column":22},"end":{"line":125,"column":5}},"line":123}},"branchMap":{},"s":{"0":1,"1":1,"2":1,"3":1,"4":1,"5":1,"6":1,"7":1,"8":1,"9":1,"10":1,"11":1,"12":7,"13":7,"14":7,"15":7,"16":7,"17":7,"18":7,"19":7,"20":7,"21":7,"22":7,"23":70,"24":70,"25":70,"26":1,"27":1,"28":1,"29":1,"30":1,"31":1,"32":1,"33":1,"34":1,"35":1,"36":1,"37":1,"38":1,"39":10,"40":1,"41":1,"42":1,"43":1,"44":1,"45":1,"46":1,"47":1,"48":1,"49":1,"50":1,"51":1,"52":1,"53":1,"54":1,"55":1,"56":1,"57":1,"58":1,"59":1,"60":1,"61":1,"62":1,"63":1,"64":1,"65":1,"66":1,"67":1,"68":1,"69":1,"70":1,"71":1,"72":1,"73":1,"74":1,"75":1,"76":7,"77":7,"78":7,"79":7,"80":1,"81":1},"f":{"0":1,"1":1,"2":7,"3":1,"4":1,"5":10,"6":1,"7":1,"8":1,"9":1,"10":1,"11":1,"12":1,"13":1,"14":1,"15":7,"16":1},"b":{},"_coverageSchema":"1a1c01bbd47fc00a2c39e90264f33305004495a9","hash":"63f2070912132a8fdbfeb1f129cc75ef5bffb305","contentHash":"9c0bb58f2d14745f6f3b7fbf289957c11eb6896a1323442bdd0e8b8b218c7888"},"/Users/sergioluis/workspace/chat/chat-server-logic/logic/message/get-message.js":{"path":"/Users/sergioluis/workspace/chat/chat-server-logic/logic/message/get-message.js","statementMap":{"0":{"start":{"line":1,"column":62},"end":{"line":1,"column":82}},"1":{"start":{"line":2,"column":60},"end":{"line":2,"column":83}},"2":{"start":{"line":3,"column":0},"end":{"line":3,"column":27}},"3":{"start":{"line":6,"column":0},"end":{"line":41,"column":1}},"4":{"start":{"line":7,"column":4},"end":{"line":7,"column":26}},"5":{"start":{"line":8,"column":4},"end":{"line":8,"column":94}},"6":{"start":{"line":8,"column":35},"end":{"line":8,"column":94}},"7":{"start":{"line":9,"column":4},"end":{"line":9,"column":113}},"8":{"start":{"line":9,"column":51},"end":{"line":9,"column":113}},"9":{"start":{"line":11,"column":4},"end":{"line":40,"column":8}},"10":{"start":{"line":12,"column":21},"end":{"line":12,"column":48}},"11":{"start":{"line":13,"column":8},"end":{"line":13,"column":82}},"12":{"start":{"line":13,"column":19},"end":{"line":13,"column":82}},"13":{"start":{"line":15,"column":8},"end":{"line":39,"column":9}},"14":{"start":{"line":16,"column":28},"end":{"line":16,"column":113}},"15":{"start":{"line":18,"column":12},"end":{"line":18,"column":92}},"16":{"start":{"line":18,"column":26},"end":{"line":18,"column":92}},"17":{"start":{"line":20,"column":12},"end":{"line":26,"column":14}},"18":{"start":{"line":28,"column":33},"end":{"line":28,"column":123}},"19":{"start":{"line":29,"column":12},"end":{"line":29,"column":109}},"20":{"start":{"line":29,"column":43},"end":{"line":29,"column":109}},"21":{"start":{"line":31,"column":37},"end":{"line":36,"column":14}},"22":{"start":{"line":32,"column":16},"end":{"line":32,"column":51}},"23":{"start":{"line":33,"column":16},"end":{"line":33,"column":35}},"24":{"start":{"line":34,"column":16},"end":{"line":34,"column":35}},"25":{"start":{"line":35,"column":16},"end":{"line":35,"column":30}},"26":{"start":{"line":38,"column":12},"end":{"line":38,"column":35}}},"fnMap":{"0":{"name":"(anonymous_0)","decl":{"start":{"line":6,"column":17},"end":{"line":6,"column":18}},"loc":{"start":{"line":6,"column":40},"end":{"line":41,"column":1}},"line":6},"1":{"name":"(anonymous_1)","decl":{"start":{"line":11,"column":12},"end":{"line":11,"column":13}},"loc":{"start":{"line":11,"column":24},"end":{"line":40,"column":5}},"line":11},"2":{"name":"(anonymous_2)","decl":{"start":{"line":31,"column":54},"end":{"line":31,"column":55}},"loc":{"start":{"line":31,"column":67},"end":{"line":36,"column":13}},"line":31}},"branchMap":{"0":{"loc":{"start":{"line":8,"column":4},"end":{"line":8,"column":94}},"type":"if","locations":[{"start":{"line":8,"column":4},"end":{"line":8,"column":94}},{"start":{"line":8,"column":4},"end":{"line":8,"column":94}}],"line":8},"1":{"loc":{"start":{"line":9,"column":4},"end":{"line":9,"column":113}},"type":"if","locations":[{"start":{"line":9,"column":4},"end":{"line":9,"column":113}},{"start":{"line":9,"column":4},"end":{"line":9,"column":113}}],"line":9},"2":{"loc":{"start":{"line":9,"column":8},"end":{"line":9,"column":49}},"type":"binary-expr","locations":[{"start":{"line":9,"column":8},"end":{"line":9,"column":17}},{"start":{"line":9,"column":21},"end":{"line":9,"column":49}}],"line":9},"3":{"loc":{"start":{"line":13,"column":8},"end":{"line":13,"column":82}},"type":"if","locations":[{"start":{"line":13,"column":8},"end":{"line":13,"column":82}},{"start":{"line":13,"column":8},"end":{"line":13,"column":82}}],"line":13},"4":{"loc":{"start":{"line":15,"column":8},"end":{"line":39,"column":9}},"type":"if","locations":[{"start":{"line":15,"column":8},"end":{"line":39,"column":9}},{"start":{"line":15,"column":8},"end":{"line":39,"column":9}}],"line":15},"5":{"loc":{"start":{"line":18,"column":12},"end":{"line":18,"column":92}},"type":"if","locations":[{"start":{"line":18,"column":12},"end":{"line":18,"column":92}},{"start":{"line":18,"column":12},"end":{"line":18,"column":92}}],"line":18},"6":{"loc":{"start":{"line":29,"column":12},"end":{"line":29,"column":109}},"type":"if","locations":[{"start":{"line":29,"column":12},"end":{"line":29,"column":109}},{"start":{"line":29,"column":12},"end":{"line":29,"column":109}}],"line":29}},"s":{"0":1,"1":1,"2":1,"3":1,"4":8,"5":7,"6":1,"7":6,"8":1,"9":5,"10":5,"11":5,"12":1,"13":4,"14":2,"15":2,"16":1,"17":1,"18":2,"19":2,"20":1,"21":1,"22":10,"23":10,"24":10,"25":10,"26":1},"f":{"0":8,"1":5,"2":10},"b":{"0":[1,6],"1":[1,5],"2":[6,4],"3":[1,4],"4":[2,2],"5":[1,1],"6":[1,1]},"_coverageSchema":"1a1c01bbd47fc00a2c39e90264f33305004495a9","hash":"9aeb6c9cd4a81261937f2d0ca035015a7d35b6d2","contentHash":"6f2efd7f2f37265814a87a2c03ee3e62070c289efc3eaa2f99c8a6d17074c3b5"},"/Users/sergioluis/workspace/chat/chat-server-logic/logic/message/update-message.spec.js":{"path":"/Users/sergioluis/workspace/chat/chat-server-logic/logic/message/update-message.spec.js","statementMap":{"0":{"start":{"line":1,"column":78},"end":{"line":1,"column":98}},"1":{"start":{"line":2,"column":34},"end":{"line":2,"column":57}},"2":{"start":{"line":3,"column":19},"end":{"line":3,"column":34}},"3":{"start":{"line":4,"column":0},"end":{"line":4,"column":27}},"4":{"start":{"line":5,"column":33},"end":{"line":5,"column":40}},"5":{"start":{"line":6,"column":19},"end":{"line":6,"column":23}},"6":{"start":{"line":7,"column":22},"end":{"line":7,"column":49}},"7":{"start":{"line":10,"column":0},"end":{"line":109,"column":2}},"8":{"start":{"line":11,"column":4},"end":{"line":13,"column":6}},"9":{"start":{"line":12,"column":8},"end":{"line":12,"column":43}},"10":{"start":{"line":15,"column":42},"end":{"line":15,"column":44}},"11":{"start":{"line":16,"column":4},"end":{"line":35,"column":6}},"12":{"start":{"line":17,"column":8},"end":{"line":17,"column":31}},"13":{"start":{"line":18,"column":8},"end":{"line":18,"column":31}},"14":{"start":{"line":19,"column":8},"end":{"line":19,"column":34}},"15":{"start":{"line":22,"column":21},"end":{"line":22,"column":164}},"16":{"start":{"line":23,"column":8},"end":{"line":23,"column":39}},"17":{"start":{"line":25,"column":8},"end":{"line":25,"column":41}},"18":{"start":{"line":26,"column":21},"end":{"line":26,"column":90}},"19":{"start":{"line":27,"column":8},"end":{"line":27,"column":36}},"20":{"start":{"line":29,"column":8},"end":{"line":33,"column":9}},"21":{"start":{"line":29,"column":21},"end":{"line":29,"column":22}},"22":{"start":{"line":30,"column":26},"end":{"line":30,"column":47}},"23":{"start":{"line":31,"column":29},"end":{"line":31,"column":106}},"24":{"start":{"line":32,"column":12},"end":{"line":32,"column":52}},"25":{"start":{"line":34,"column":8},"end":{"line":34,"column":44}},"26":{"start":{"line":37,"column":4},"end":{"line":43,"column":6}},"27":{"start":{"line":38,"column":20},"end":{"line":38,"column":56}},"28":{"start":{"line":40,"column":8},"end":{"line":40,"column":70}},"29":{"start":{"line":41,"column":25},"end":{"line":41,"column":66}},"30":{"start":{"line":42,"column":8},"end":{"line":42,"column":57}},"31":{"start":{"line":45,"column":4},"end":{"line":58,"column":6}},"32":{"start":{"line":46,"column":20},"end":{"line":46,"column":56}},"33":{"start":{"line":47,"column":22},"end":{"line":47,"column":165}},"34":{"start":{"line":49,"column":8},"end":{"line":49,"column":40}},"35":{"start":{"line":50,"column":8},"end":{"line":56,"column":9}},"36":{"start":{"line":51,"column":12},"end":{"line":51,"column":74}},"37":{"start":{"line":53,"column":12},"end":{"line":53,"column":34}},"38":{"start":{"line":54,"column":12},"end":{"line":54,"column":52}},"39":{"start":{"line":55,"column":12},"end":{"line":55,"column":75}},"40":{"start":{"line":59,"column":4},"end":{"line":69,"column":6}},"41":{"start":{"line":60,"column":20},"end":{"line":60,"column":56}},"42":{"start":{"line":61,"column":8},"end":{"line":61,"column":58}},"43":{"start":{"line":62,"column":8},"end":{"line":68,"column":9}},"44":{"start":{"line":63,"column":12},"end":{"line":63,"column":74}},"45":{"start":{"line":65,"column":12},"end":{"line":65,"column":34}},"46":{"start":{"line":66,"column":12},"end":{"line":66,"column":52}},"47":{"start":{"line":67,"column":12},"end":{"line":67,"column":81}},"48":{"start":{"line":71,"column":4},"end":{"line":97,"column":6}},"49":{"start":{"line":73,"column":8},"end":{"line":82,"column":10}},"50":{"start":{"line":74,"column":33},"end":{"line":74,"column":48}},"51":{"start":{"line":75,"column":12},"end":{"line":77,"column":76}},"52":{"start":{"line":76,"column":16},"end":{"line":76,"column":67}},"53":{"start":{"line":78,"column":33},"end":{"line":78,"column":48}},"54":{"start":{"line":79,"column":12},"end":{"line":81,"column":73}},"55":{"start":{"line":80,"column":16},"end":{"line":80,"column":71}},"56":{"start":{"line":83,"column":8},"end":{"line":96,"column":10}},"57":{"start":{"line":86,"column":12},"end":{"line":88,"column":62}},"58":{"start":{"line":87,"column":16},"end":{"line":87,"column":57}},"59":{"start":{"line":90,"column":12},"end":{"line":92,"column":62}},"60":{"start":{"line":91,"column":16},"end":{"line":91,"column":61}},"61":{"start":{"line":93,"column":12},"end":{"line":95,"column":62}},"62":{"start":{"line":94,"column":16},"end":{"line":94,"column":60}},"63":{"start":{"line":99,"column":4},"end":{"line":104,"column":6}},"64":{"start":{"line":100,"column":8},"end":{"line":100,"column":31}},"65":{"start":{"line":101,"column":8},"end":{"line":101,"column":31}},"66":{"start":{"line":102,"column":8},"end":{"line":102,"column":34}},"67":{"start":{"line":103,"column":8},"end":{"line":103,"column":23}},"68":{"start":{"line":106,"column":4},"end":{"line":108,"column":6}},"69":{"start":{"line":107,"column":8},"end":{"line":107,"column":35}}},"fnMap":{"0":{"name":"(anonymous_0)","decl":{"start":{"line":10,"column":40},"end":{"line":10,"column":41}},"loc":{"start":{"line":10,"column":46},"end":{"line":109,"column":1}},"line":10},"1":{"name":"(anonymous_1)","decl":{"start":{"line":11,"column":11},"end":{"line":11,"column":12}},"loc":{"start":{"line":11,"column":23},"end":{"line":13,"column":5}},"line":11},"2":{"name":"(anonymous_2)","decl":{"start":{"line":16,"column":15},"end":{"line":16,"column":16}},"loc":{"start":{"line":16,"column":27},"end":{"line":35,"column":5}},"line":16},"3":{"name":"(anonymous_3)","decl":{"start":{"line":37,"column":45},"end":{"line":37,"column":46}},"loc":{"start":{"line":37,"column":57},"end":{"line":43,"column":5}},"line":37},"4":{"name":"(anonymous_4)","decl":{"start":{"line":45,"column":60},"end":{"line":45,"column":61}},"loc":{"start":{"line":45,"column":72},"end":{"line":58,"column":5}},"line":45},"5":{"name":"(anonymous_5)","decl":{"start":{"line":59,"column":54},"end":{"line":59,"column":55}},"loc":{"start":{"line":59,"column":66},"end":{"line":69,"column":5}},"line":59},"6":{"name":"(anonymous_6)","decl":{"start":{"line":71,"column":32},"end":{"line":71,"column":33}},"loc":{"start":{"line":71,"column":38},"end":{"line":97,"column":5}},"line":71},"7":{"name":"(anonymous_7)","decl":{"start":{"line":73,"column":34},"end":{"line":73,"column":35}},"loc":{"start":{"line":73,"column":40},"end":{"line":82,"column":9}},"line":73},"8":{"name":"(anonymous_8)","decl":{"start":{"line":75,"column":19},"end":{"line":75,"column":20}},"loc":{"start":{"line":75,"column":25},"end":{"line":77,"column":13}},"line":75},"9":{"name":"(anonymous_9)","decl":{"start":{"line":79,"column":19},"end":{"line":79,"column":20}},"loc":{"start":{"line":79,"column":25},"end":{"line":81,"column":13}},"line":79},"10":{"name":"(anonymous_10)","decl":{"start":{"line":83,"column":36},"end":{"line":83,"column":37}},"loc":{"start":{"line":83,"column":42},"end":{"line":96,"column":9}},"line":83},"11":{"name":"(anonymous_11)","decl":{"start":{"line":86,"column":19},"end":{"line":86,"column":20}},"loc":{"start":{"line":86,"column":25},"end":{"line":88,"column":13}},"line":86},"12":{"name":"(anonymous_12)","decl":{"start":{"line":90,"column":19},"end":{"line":90,"column":20}},"loc":{"start":{"line":90,"column":25},"end":{"line":92,"column":13}},"line":90},"13":{"name":"(anonymous_13)","decl":{"start":{"line":93,"column":19},"end":{"line":93,"column":20}},"loc":{"start":{"line":93,"column":25},"end":{"line":95,"column":13}},"line":93},"14":{"name":"(anonymous_14)","decl":{"start":{"line":99,"column":14},"end":{"line":99,"column":15}},"loc":{"start":{"line":99,"column":26},"end":{"line":104,"column":5}},"line":99},"15":{"name":"(anonymous_15)","decl":{"start":{"line":106,"column":10},"end":{"line":106,"column":11}},"loc":{"start":{"line":106,"column":22},"end":{"line":108,"column":5}},"line":106}},"branchMap":{},"s":{"0":1,"1":1,"2":1,"3":1,"4":1,"5":1,"6":1,"7":1,"8":1,"9":1,"10":1,"11":1,"12":5,"13":5,"14":5,"15":5,"16":5,"17":5,"18":5,"19":5,"20":5,"21":5,"22":50,"23":50,"24":50,"25":5,"26":1,"27":1,"28":1,"29":1,"30":1,"31":1,"32":1,"33":1,"34":1,"35":1,"36":1,"37":1,"38":1,"39":1,"40":1,"41":1,"42":1,"43":1,"44":1,"45":1,"46":1,"47":1,"48":1,"49":1,"50":1,"51":1,"52":1,"53":1,"54":1,"55":1,"56":1,"57":1,"58":1,"59":1,"60":1,"61":1,"62":1,"63":1,"64":5,"65":5,"66":5,"67":5,"68":1,"69":1},"f":{"0":1,"1":1,"2":5,"3":1,"4":1,"5":1,"6":1,"7":1,"8":1,"9":1,"10":1,"11":1,"12":1,"13":1,"14":5,"15":1},"b":{},"_coverageSchema":"1a1c01bbd47fc00a2c39e90264f33305004495a9","hash":"522bcb122be46ebd2ada01a078bea01839830f9e","contentHash":"9d4d26641799f5fb3aff80c3efe6e6cb53c0334a97871018911029515c14915c"},"/Users/sergioluis/workspace/chat/chat-server-logic/logic/message/update-message.js":{"path":"/Users/sergioluis/workspace/chat/chat-server-logic/logic/message/update-message.js","statementMap":{"0":{"start":{"line":1,"column":56},"end":{"line":1,"column":76}},"1":{"start":{"line":2,"column":78},"end":{"line":2,"column":101}},"2":{"start":{"line":3,"column":0},"end":{"line":3,"column":27}},"3":{"start":{"line":6,"column":0},"end":{"line":22,"column":1}},"4":{"start":{"line":8,"column":4},"end":{"line":8,"column":26}},"5":{"start":{"line":9,"column":4},"end":{"line":9,"column":29}},"6":{"start":{"line":10,"column":4},"end":{"line":10,"column":30}},"7":{"start":{"line":11,"column":4},"end":{"line":11,"column":94}},"8":{"start":{"line":11,"column":35},"end":{"line":11,"column":94}},"9":{"start":{"line":12,"column":4},"end":{"line":12,"column":100}},"10":{"start":{"line":12,"column":38},"end":{"line":12,"column":100}},"11":{"start":{"line":14,"column":4},"end":{"line":21,"column":8}},"12":{"start":{"line":15,"column":24},"end":{"line":15,"column":57}},"13":{"start":{"line":16,"column":8},"end":{"line":16,"column":88}},"14":{"start":{"line":16,"column":22},"end":{"line":16,"column":88}},"15":{"start":{"line":18,"column":8},"end":{"line":18,"column":109}},"16":{"start":{"line":18,"column":50},"end":{"line":18,"column":109}},"17":{"start":{"line":20,"column":8},"end":{"line":20,"column":85}}},"fnMap":{"0":{"name":"(anonymous_0)","decl":{"start":{"line":6,"column":17},"end":{"line":6,"column":18}},"loc":{"start":{"line":6,"column":52},"end":{"line":22,"column":1}},"line":6},"1":{"name":"(anonymous_1)","decl":{"start":{"line":14,"column":12},"end":{"line":14,"column":13}},"loc":{"start":{"line":14,"column":24},"end":{"line":21,"column":5}},"line":14}},"branchMap":{"0":{"loc":{"start":{"line":11,"column":4},"end":{"line":11,"column":94}},"type":"if","locations":[{"start":{"line":11,"column":4},"end":{"line":11,"column":94}},{"start":{"line":11,"column":4},"end":{"line":11,"column":94}}],"line":11},"1":{"loc":{"start":{"line":12,"column":4},"end":{"line":12,"column":100}},"type":"if","locations":[{"start":{"line":12,"column":4},"end":{"line":12,"column":100}},{"start":{"line":12,"column":4},"end":{"line":12,"column":100}}],"line":12},"2":{"loc":{"start":{"line":16,"column":8},"end":{"line":16,"column":88}},"type":"if","locations":[{"start":{"line":16,"column":8},"end":{"line":16,"column":88}},{"start":{"line":16,"column":8},"end":{"line":16,"column":88}}],"line":16},"3":{"loc":{"start":{"line":18,"column":8},"end":{"line":18,"column":109}},"type":"if","locations":[{"start":{"line":18,"column":8},"end":{"line":18,"column":109}},{"start":{"line":18,"column":8},"end":{"line":18,"column":109}}],"line":18}},"s":{"0":1,"1":1,"2":1,"3":1,"4":8,"5":7,"6":6,"7":5,"8":1,"9":4,"10":1,"11":3,"12":3,"13":3,"14":1,"15":2,"16":1,"17":1},"f":{"0":8,"1":3},"b":{"0":[1,4],"1":[1,3],"2":[1,2],"3":[1,1]},"_coverageSchema":"1a1c01bbd47fc00a2c39e90264f33305004495a9","hash":"d62653e585971b0bd3b01971e54633be3b719a8b","contentHash":"af7392c1af1fd2835f31a9d46620b4ebdee87939c3554d5078f4ac99b00dda3f"},"/Users/sergioluis/workspace/chat/chat-server-logic/logic/room/create-room.spec.js":{"path":"/Users/sergioluis/workspace/chat/chat-server-logic/logic/room/create-room.spec.js","statementMap":{"0":{"start":{"line":1,"column":45},"end":{"line":1,"column":65}},"1":{"start":{"line":2,"column":34},"end":{"line":2,"column":57}},"2":{"start":{"line":3,"column":19},"end":{"line":3,"column":34}},"3":{"start":{"line":4,"column":0},"end":{"line":4,"column":27}},"4":{"start":{"line":5,"column":33},"end":{"line":5,"column":40}},"5":{"start":{"line":6,"column":19},"end":{"line":6,"column":23}},"6":{"start":{"line":7,"column":19},"end":{"line":7,"column":43}},"7":{"start":{"line":10,"column":0},"end":{"line":70,"column":2}},"8":{"start":{"line":11,"column":4},"end":{"line":13,"column":6}},"9":{"start":{"line":12,"column":8},"end":{"line":12,"column":43}},"10":{"start":{"line":14,"column":4},"end":{"line":14,"column":12}},"11":{"start":{"line":16,"column":4},"end":{"line":23,"column":6}},"12":{"start":{"line":17,"column":8},"end":{"line":17,"column":31}},"13":{"start":{"line":18,"column":8},"end":{"line":18,"column":31}},"14":{"start":{"line":20,"column":21},"end":{"line":20,"column":164}},"15":{"start":{"line":21,"column":8},"end":{"line":21,"column":39}},"16":{"start":{"line":22,"column":8},"end":{"line":22,"column":36}},"17":{"start":{"line":25,"column":4},"end":{"line":30,"column":6}},"18":{"start":{"line":26,"column":8},"end":{"line":26,"column":42}},"19":{"start":{"line":27,"column":29},"end":{"line":27,"column":63}},"20":{"start":{"line":28,"column":8},"end":{"line":28,"column":37}},"21":{"start":{"line":29,"column":8},"end":{"line":29,"column":48}},"22":{"start":{"line":32,"column":4},"end":{"line":42,"column":6}},"23":{"start":{"line":33,"column":8},"end":{"line":33,"column":46}},"24":{"start":{"line":34,"column":8},"end":{"line":41,"column":9}},"25":{"start":{"line":36,"column":12},"end":{"line":36,"column":45}},"26":{"start":{"line":38,"column":12},"end":{"line":38,"column":34}},"27":{"start":{"line":39,"column":12},"end":{"line":39,"column":52}},"28":{"start":{"line":40,"column":12},"end":{"line":40,"column":87}},"29":{"start":{"line":44,"column":4},"end":{"line":60,"column":6}},"30":{"start":{"line":45,"column":8},"end":{"line":49,"column":10}},"31":{"start":{"line":46,"column":12},"end":{"line":48,"column":62}},"32":{"start":{"line":47,"column":16},"end":{"line":47,"column":48}},"33":{"start":{"line":50,"column":8},"end":{"line":54,"column":10}},"34":{"start":{"line":51,"column":12},"end":{"line":53,"column":62}},"35":{"start":{"line":52,"column":16},"end":{"line":52,"column":48}},"36":{"start":{"line":55,"column":8},"end":{"line":59,"column":10}},"37":{"start":{"line":56,"column":12},"end":{"line":58,"column":73}},"38":{"start":{"line":57,"column":16},"end":{"line":57,"column":59}},"39":{"start":{"line":62,"column":4},"end":{"line":65,"column":6}},"40":{"start":{"line":63,"column":8},"end":{"line":63,"column":31}},"41":{"start":{"line":64,"column":8},"end":{"line":64,"column":31}},"42":{"start":{"line":67,"column":4},"end":{"line":69,"column":6}},"43":{"start":{"line":68,"column":8},"end":{"line":68,"column":35}}},"fnMap":{"0":{"name":"(anonymous_0)","decl":{"start":{"line":10,"column":37},"end":{"line":10,"column":38}},"loc":{"start":{"line":10,"column":43},"end":{"line":70,"column":1}},"line":10},"1":{"name":"(anonymous_1)","decl":{"start":{"line":11,"column":11},"end":{"line":11,"column":12}},"loc":{"start":{"line":11,"column":23},"end":{"line":13,"column":5}},"line":11},"2":{"name":"(anonymous_2)","decl":{"start":{"line":16,"column":15},"end":{"line":16,"column":16}},"loc":{"start":{"line":16,"column":27},"end":{"line":23,"column":5}},"line":16},"3":{"name":"(anonymous_3)","decl":{"start":{"line":25,"column":42},"end":{"line":25,"column":43}},"loc":{"start":{"line":25,"column":54},"end":{"line":30,"column":5}},"line":25},"4":{"name":"(anonymous_4)","decl":{"start":{"line":32,"column":60},"end":{"line":32,"column":61}},"loc":{"start":{"line":32,"column":72},"end":{"line":42,"column":5}},"line":32},"5":{"name":"(anonymous_5)","decl":{"start":{"line":44,"column":32},"end":{"line":44,"column":33}},"loc":{"start":{"line":44,"column":38},"end":{"line":60,"column":5}},"line":44},"6":{"name":"(anonymous_6)","decl":{"start":{"line":45,"column":39},"end":{"line":45,"column":40}},"loc":{"start":{"line":45,"column":45},"end":{"line":49,"column":9}},"line":45},"7":{"name":"(anonymous_7)","decl":{"start":{"line":46,"column":19},"end":{"line":46,"column":20}},"loc":{"start":{"line":46,"column":25},"end":{"line":48,"column":13}},"line":46},"8":{"name":"(anonymous_8)","decl":{"start":{"line":50,"column":34},"end":{"line":50,"column":35}},"loc":{"start":{"line":50,"column":40},"end":{"line":54,"column":9}},"line":50},"9":{"name":"(anonymous_9)","decl":{"start":{"line":51,"column":19},"end":{"line":51,"column":20}},"loc":{"start":{"line":51,"column":25},"end":{"line":53,"column":13}},"line":51},"10":{"name":"(anonymous_10)","decl":{"start":{"line":55,"column":39},"end":{"line":55,"column":40}},"loc":{"start":{"line":55,"column":45},"end":{"line":59,"column":9}},"line":55},"11":{"name":"(anonymous_11)","decl":{"start":{"line":56,"column":19},"end":{"line":56,"column":20}},"loc":{"start":{"line":56,"column":25},"end":{"line":58,"column":13}},"line":56},"12":{"name":"(anonymous_12)","decl":{"start":{"line":62,"column":14},"end":{"line":62,"column":15}},"loc":{"start":{"line":62,"column":26},"end":{"line":65,"column":5}},"line":62},"13":{"name":"(anonymous_13)","decl":{"start":{"line":67,"column":10},"end":{"line":67,"column":11}},"loc":{"start":{"line":67,"column":22},"end":{"line":69,"column":5}},"line":67}},"branchMap":{},"s":{"0":1,"1":1,"2":1,"3":1,"4":1,"5":1,"6":1,"7":1,"8":1,"9":1,"10":1,"11":1,"12":5,"13":5,"14":5,"15":5,"16":5,"17":1,"18":1,"19":1,"20":1,"21":1,"22":1,"23":1,"24":1,"25":1,"26":1,"27":1,"28":1,"29":1,"30":1,"31":1,"32":1,"33":1,"34":1,"35":1,"36":1,"37":1,"38":1,"39":1,"40":5,"41":5,"42":1,"43":1},"f":{"0":1,"1":1,"2":5,"3":1,"4":1,"5":1,"6":1,"7":1,"8":1,"9":1,"10":1,"11":1,"12":5,"13":1},"b":{},"_coverageSchema":"1a1c01bbd47fc00a2c39e90264f33305004495a9","hash":"14710d61f346d6884c72a0189a43ad923069ff1c","contentHash":"fea78c2d702b4293cef994d71c37d43e62edd47d22b8fb803031664e2b05376e"},"/Users/sergioluis/workspace/chat/chat-server-logic/logic/room/create-room.js":{"path":"/Users/sergioluis/workspace/chat/chat-server-logic/logic/room/create-room.js","statementMap":{"0":{"start":{"line":1,"column":53},"end":{"line":1,"column":73}},"1":{"start":{"line":2,"column":58},"end":{"line":2,"column":81}},"2":{"start":{"line":3,"column":0},"end":{"line":3,"column":27}},"3":{"start":{"line":6,"column":0},"end":{"line":26,"column":1}},"4":{"start":{"line":7,"column":4},"end":{"line":7,"column":29}},"5":{"start":{"line":8,"column":4},"end":{"line":8,"column":24}},"6":{"start":{"line":10,"column":4},"end":{"line":10,"column":97}},"7":{"start":{"line":10,"column":38},"end":{"line":10,"column":97}},"8":{"start":{"line":12,"column":4},"end":{"line":25,"column":8}},"9":{"start":{"line":13,"column":21},"end":{"line":13,"column":49}},"10":{"start":{"line":15,"column":8},"end":{"line":15,"column":87}},"11":{"start":{"line":15,"column":18},"end":{"line":15,"column":87}},"12":{"start":{"line":17,"column":28},"end":{"line":17,"column":87}},"13":{"start":{"line":19,"column":8},"end":{"line":24,"column":9}}},"fnMap":{"0":{"name":"(anonymous_0)","decl":{"start":{"line":6,"column":17},"end":{"line":6,"column":18}},"loc":{"start":{"line":6,"column":38},"end":{"line":26,"column":1}},"line":6},"1":{"name":"(anonymous_1)","decl":{"start":{"line":12,"column":12},"end":{"line":12,"column":13}},"loc":{"start":{"line":12,"column":24},"end":{"line":25,"column":5}},"line":12}},"branchMap":{"0":{"loc":{"start":{"line":10,"column":4},"end":{"line":10,"column":97}},"type":"if","locations":[{"start":{"line":10,"column":4},"end":{"line":10,"column":97}},{"start":{"line":10,"column":4},"end":{"line":10,"column":97}}],"line":10},"1":{"loc":{"start":{"line":15,"column":8},"end":{"line":15,"column":87}},"type":"if","locations":[{"start":{"line":15,"column":8},"end":{"line":15,"column":87}},{"start":{"line":15,"column":8},"end":{"line":15,"column":87}}],"line":15}},"s":{"0":1,"1":1,"2":1,"3":1,"4":5,"5":4,"6":3,"7":1,"8":2,"9":2,"10":2,"11":1,"12":1,"13":1},"f":{"0":5,"1":2},"b":{"0":[1,2],"1":[1,1]},"_coverageSchema":"1a1c01bbd47fc00a2c39e90264f33305004495a9","hash":"d26bcd7b485394e3301708f4436d0f606d1def29","contentHash":"45e429f13d04d0d929f98cbd1c81ff3ef43cdcfec5672ea33556d1ce9b373a9d"},"/Users/sergioluis/workspace/chat/chat-server-logic/logic/room/delete-room.spec.js":{"path":"/Users/sergioluis/workspace/chat/chat-server-logic/logic/room/delete-room.spec.js","statementMap":{"0":{"start":{"line":1,"column":54},"end":{"line":1,"column":74}},"1":{"start":{"line":2,"column":34},"end":{"line":2,"column":57}},"2":{"start":{"line":3,"column":19},"end":{"line":3,"column":34}},"3":{"start":{"line":4,"column":0},"end":{"line":4,"column":27}},"4":{"start":{"line":5,"column":33},"end":{"line":5,"column":40}},"5":{"start":{"line":6,"column":19},"end":{"line":6,"column":23}},"6":{"start":{"line":7,"column":19},"end":{"line":7,"column":43}},"7":{"start":{"line":10,"column":0},"end":{"line":111,"column":2}},"8":{"start":{"line":11,"column":4},"end":{"line":13,"column":6}},"9":{"start":{"line":12,"column":8},"end":{"line":12,"column":43}},"10":{"start":{"line":15,"column":38},"end":{"line":15,"column":40}},"11":{"start":{"line":16,"column":4},"end":{"line":33,"column":6}},"12":{"start":{"line":17,"column":8},"end":{"line":17,"column":31}},"13":{"start":{"line":18,"column":8},"end":{"line":18,"column":31}},"14":{"start":{"line":19,"column":8},"end":{"line":19,"column":34}},"15":{"start":{"line":21,"column":21},"end":{"line":21,"column":164}},"16":{"start":{"line":22,"column":8},"end":{"line":22,"column":39}},"17":{"start":{"line":24,"column":21},"end":{"line":24,"column":78}},"18":{"start":{"line":25,"column":8},"end":{"line":25,"column":36}},"19":{"start":{"line":27,"column":8},"end":{"line":31,"column":9}},"20":{"start":{"line":27,"column":21},"end":{"line":27,"column":22}},"21":{"start":{"line":28,"column":26},"end":{"line":28,"column":54}},"22":{"start":{"line":29,"column":30},"end":{"line":29,"column":90}},"23":{"start":{"line":30,"column":12},"end":{"line":30,"column":36}},"24":{"start":{"line":35,"column":4},"end":{"line":50,"column":6}},"25":{"start":{"line":36,"column":25},"end":{"line":36,"column":52}},"26":{"start":{"line":37,"column":8},"end":{"line":37,"column":33}},"27":{"start":{"line":39,"column":33},"end":{"line":39,"column":71}},"28":{"start":{"line":40,"column":8},"end":{"line":40,"column":41}},"29":{"start":{"line":41,"column":8},"end":{"line":41,"column":65}},"30":{"start":{"line":43,"column":8},"end":{"line":43,"column":43}},"31":{"start":{"line":45,"column":26},"end":{"line":45,"column":53}},"32":{"start":{"line":46,"column":8},"end":{"line":46,"column":36}},"33":{"start":{"line":48,"column":36},"end":{"line":48,"column":74}},"34":{"start":{"line":49,"column":8},"end":{"line":49,"column":49}},"35":{"start":{"line":52,"column":4},"end":{"line":61,"column":6}},"36":{"start":{"line":53,"column":22},"end":{"line":53,"column":165}},"37":{"start":{"line":54,"column":8},"end":{"line":60,"column":9}},"38":{"start":{"line":55,"column":12},"end":{"line":55,"column":70}},"39":{"start":{"line":57,"column":12},"end":{"line":57,"column":34}},"40":{"start":{"line":58,"column":12},"end":{"line":58,"column":52}},"41":{"start":{"line":59,"column":12},"end":{"line":59,"column":75}},"42":{"start":{"line":62,"column":4},"end":{"line":71,"column":6}},"43":{"start":{"line":63,"column":8},"end":{"line":63,"column":31}},"44":{"start":{"line":64,"column":8},"end":{"line":70,"column":9}},"45":{"start":{"line":65,"column":12},"end":{"line":65,"column":47}},"46":{"start":{"line":67,"column":12},"end":{"line":67,"column":34}},"47":{"start":{"line":68,"column":12},"end":{"line":68,"column":52}},"48":{"start":{"line":69,"column":12},"end":{"line":69,"column":78}},"49":{"start":{"line":74,"column":4},"end":{"line":99,"column":6}},"50":{"start":{"line":76,"column":8},"end":{"line":82,"column":10}},"51":{"start":{"line":77,"column":30},"end":{"line":77,"column":45}},"52":{"start":{"line":79,"column":12},"end":{"line":81,"column":73}},"53":{"start":{"line":80,"column":16},"end":{"line":80,"column":57}},"54":{"start":{"line":83,"column":8},"end":{"line":89,"column":10}},"55":{"start":{"line":84,"column":33},"end":{"line":84,"column":48}},"56":{"start":{"line":86,"column":12},"end":{"line":88,"column":76}},"57":{"start":{"line":87,"column":16},"end":{"line":87,"column":60}},"58":{"start":{"line":90,"column":8},"end":{"line":98,"column":10}},"59":{"start":{"line":91,"column":12},"end":{"line":93,"column":62}},"60":{"start":{"line":92,"column":16},"end":{"line":92,"column":41}},"61":{"start":{"line":94,"column":12},"end":{"line":96,"column":62}},"62":{"start":{"line":95,"column":16},"end":{"line":95,"column":38}},"63":{"start":{"line":101,"column":4},"end":{"line":106,"column":6}},"64":{"start":{"line":102,"column":8},"end":{"line":102,"column":31}},"65":{"start":{"line":103,"column":8},"end":{"line":103,"column":31}},"66":{"start":{"line":104,"column":8},"end":{"line":104,"column":34}},"67":{"start":{"line":105,"column":8},"end":{"line":105,"column":21}},"68":{"start":{"line":108,"column":4},"end":{"line":110,"column":6}},"69":{"start":{"line":109,"column":8},"end":{"line":109,"column":35}}},"fnMap":{"0":{"name":"(anonymous_0)","decl":{"start":{"line":10,"column":37},"end":{"line":10,"column":38}},"loc":{"start":{"line":10,"column":43},"end":{"line":111,"column":1}},"line":10},"1":{"name":"(anonymous_1)","decl":{"start":{"line":11,"column":11},"end":{"line":11,"column":12}},"loc":{"start":{"line":11,"column":23},"end":{"line":13,"column":5}},"line":11},"2":{"name":"(anonymous_2)","decl":{"start":{"line":16,"column":15},"end":{"line":16,"column":16}},"loc":{"start":{"line":16,"column":27},"end":{"line":33,"column":5}},"line":16},"3":{"name":"(anonymous_3)","decl":{"start":{"line":35,"column":76},"end":{"line":35,"column":77}},"loc":{"start":{"line":35,"column":88},"end":{"line":50,"column":5}},"line":35},"4":{"name":"(anonymous_4)","decl":{"start":{"line":52,"column":64},"end":{"line":52,"column":65}},"loc":{"start":{"line":52,"column":76},"end":{"line":61,"column":5}},"line":52},"5":{"name":"(anonymous_5)","decl":{"start":{"line":62,"column":50},"end":{"line":62,"column":51}},"loc":{"start":{"line":62,"column":62},"end":{"line":71,"column":5}},"line":62},"6":{"name":"(anonymous_6)","decl":{"start":{"line":74,"column":32},"end":{"line":74,"column":33}},"loc":{"start":{"line":74,"column":38},"end":{"line":99,"column":5}},"line":74},"7":{"name":"(anonymous_7)","decl":{"start":{"line":76,"column":30},"end":{"line":76,"column":31}},"loc":{"start":{"line":76,"column":36},"end":{"line":82,"column":9}},"line":76},"8":{"name":"(anonymous_8)","decl":{"start":{"line":79,"column":19},"end":{"line":79,"column":20}},"loc":{"start":{"line":79,"column":25},"end":{"line":81,"column":13}},"line":79},"9":{"name":"(anonymous_9)","decl":{"start":{"line":83,"column":33},"end":{"line":83,"column":34}},"loc":{"start":{"line":83,"column":39},"end":{"line":89,"column":9}},"line":83},"10":{"name":"(anonymous_10)","decl":{"start":{"line":86,"column":19},"end":{"line":86,"column":20}},"loc":{"start":{"line":86,"column":25},"end":{"line":88,"column":13}},"line":86},"11":{"name":"(anonymous_11)","decl":{"start":{"line":90,"column":36},"end":{"line":90,"column":37}},"loc":{"start":{"line":90,"column":42},"end":{"line":98,"column":9}},"line":90},"12":{"name":"(anonymous_12)","decl":{"start":{"line":91,"column":19},"end":{"line":91,"column":20}},"loc":{"start":{"line":91,"column":25},"end":{"line":93,"column":13}},"line":91},"13":{"name":"(anonymous_13)","decl":{"start":{"line":94,"column":19},"end":{"line":94,"column":20}},"loc":{"start":{"line":94,"column":25},"end":{"line":96,"column":13}},"line":94},"14":{"name":"(anonymous_14)","decl":{"start":{"line":101,"column":14},"end":{"line":101,"column":15}},"loc":{"start":{"line":101,"column":26},"end":{"line":106,"column":5}},"line":101},"15":{"name":"(anonymous_15)","decl":{"start":{"line":108,"column":10},"end":{"line":108,"column":11}},"loc":{"start":{"line":108,"column":22},"end":{"line":110,"column":5}},"line":108}},"branchMap":{},"s":{"0":1,"1":1,"2":1,"3":1,"4":1,"5":1,"6":1,"7":1,"8":1,"9":1,"10":1,"11":1,"12":6,"13":6,"14":6,"15":6,"16":6,"17":6,"18":6,"19":6,"20":6,"21":60,"22":60,"23":60,"24":1,"25":1,"26":1,"27":1,"28":1,"29":1,"30":1,"31":1,"32":1,"33":1,"34":1,"35":1,"36":1,"37":1,"38":1,"39":1,"40":1,"41":1,"42":1,"43":1,"44":1,"45":1,"46":1,"47":1,"48":1,"49":1,"50":1,"51":1,"52":1,"53":1,"54":1,"55":1,"56":1,"57":1,"58":1,"59":1,"60":1,"61":1,"62":1,"63":1,"64":6,"65":6,"66":6,"67":6,"68":1,"69":1},"f":{"0":1,"1":1,"2":6,"3":1,"4":1,"5":1,"6":1,"7":1,"8":1,"9":1,"10":1,"11":1,"12":1,"13":1,"14":6,"15":1},"b":{},"_coverageSchema":"1a1c01bbd47fc00a2c39e90264f33305004495a9","hash":"a74ef3ee49ffa07e78c5f1f3edeb4b2cbd777d3c","contentHash":"dabdca76fa6dd1062cdc7319d8e36f85e549127087027b0d943c4f6c6849e97d"},"/Users/sergioluis/workspace/chat/chat-server-logic/logic/room/delete-room.js":{"path":"/Users/sergioluis/workspace/chat/chat-server-logic/logic/room/delete-room.js","statementMap":{"0":{"start":{"line":1,"column":62},"end":{"line":1,"column":82}},"1":{"start":{"line":2,"column":78},"end":{"line":2,"column":101}},"2":{"start":{"line":3,"column":0},"end":{"line":3,"column":27}},"3":{"start":{"line":6,"column":0},"end":{"line":21,"column":1}},"4":{"start":{"line":7,"column":4},"end":{"line":7,"column":26}},"5":{"start":{"line":8,"column":4},"end":{"line":8,"column":29}},"6":{"start":{"line":9,"column":4},"end":{"line":9,"column":94}},"7":{"start":{"line":9,"column":35},"end":{"line":9,"column":94}},"8":{"start":{"line":10,"column":4},"end":{"line":10,"column":100}},"9":{"start":{"line":10,"column":38},"end":{"line":10,"column":100}},"10":{"start":{"line":12,"column":4},"end":{"line":20,"column":8}},"11":{"start":{"line":13,"column":21},"end":{"line":13,"column":48}},"12":{"start":{"line":14,"column":8},"end":{"line":14,"column":82}},"13":{"start":{"line":14,"column":19},"end":{"line":14,"column":82}},"14":{"start":{"line":16,"column":8},"end":{"line":16,"column":112}},"15":{"start":{"line":16,"column":53},"end":{"line":16,"column":112}},"16":{"start":{"line":18,"column":8},"end":{"line":18,"column":52}},"17":{"start":{"line":19,"column":8},"end":{"line":19,"column":55}}},"fnMap":{"0":{"name":"(anonymous_0)","decl":{"start":{"line":6,"column":17},"end":{"line":6,"column":18}},"loc":{"start":{"line":6,"column":40},"end":{"line":21,"column":1}},"line":6},"1":{"name":"(anonymous_1)","decl":{"start":{"line":12,"column":12},"end":{"line":12,"column":13}},"loc":{"start":{"line":12,"column":24},"end":{"line":20,"column":5}},"line":12}},"branchMap":{"0":{"loc":{"start":{"line":9,"column":4},"end":{"line":9,"column":94}},"type":"if","locations":[{"start":{"line":9,"column":4},"end":{"line":9,"column":94}},{"start":{"line":9,"column":4},"end":{"line":9,"column":94}}],"line":9},"1":{"loc":{"start":{"line":10,"column":4},"end":{"line":10,"column":100}},"type":"if","locations":[{"start":{"line":10,"column":4},"end":{"line":10,"column":100}},{"start":{"line":10,"column":4},"end":{"line":10,"column":100}}],"line":10},"2":{"loc":{"start":{"line":14,"column":8},"end":{"line":14,"column":82}},"type":"if","locations":[{"start":{"line":14,"column":8},"end":{"line":14,"column":82}},{"start":{"line":14,"column":8},"end":{"line":14,"column":82}}],"line":14},"3":{"loc":{"start":{"line":16,"column":8},"end":{"line":16,"column":112}},"type":"if","locations":[{"start":{"line":16,"column":8},"end":{"line":16,"column":112}},{"start":{"line":16,"column":8},"end":{"line":16,"column":112}}],"line":16}},"s":{"0":1,"1":1,"2":1,"3":1,"4":7,"5":6,"6":5,"7":1,"8":4,"9":1,"10":3,"11":3,"12":3,"13":1,"14":2,"15":1,"16":1,"17":1},"f":{"0":7,"1":3},"b":{"0":[1,4],"1":[1,3],"2":[1,2],"3":[1,1]},"_coverageSchema":"1a1c01bbd47fc00a2c39e90264f33305004495a9","hash":"93a2237d7cff371142e12761a7a45f286066eb08","contentHash":"5b8d34abb16f9e8ce70c78fea26e80fb35c60d0965c59b66ae9243dff3c438c0"},"/Users/sergioluis/workspace/chat/chat-server-logic/logic/room/get-room.spec.js":{"path":"/Users/sergioluis/workspace/chat/chat-server-logic/logic/room/get-room.spec.js","statementMap":{"0":{"start":{"line":1,"column":45},"end":{"line":1,"column":65}},"1":{"start":{"line":2,"column":34},"end":{"line":2,"column":57}},"2":{"start":{"line":3,"column":19},"end":{"line":3,"column":34}},"3":{"start":{"line":4,"column":0},"end":{"line":4,"column":27}},"4":{"start":{"line":5,"column":33},"end":{"line":5,"column":40}},"5":{"start":{"line":6,"column":19},"end":{"line":6,"column":23}},"6":{"start":{"line":7,"column":16},"end":{"line":7,"column":37}},"7":{"start":{"line":10,"column":0},"end":{"line":92,"column":2}},"8":{"start":{"line":11,"column":4},"end":{"line":13,"column":6}},"9":{"start":{"line":12,"column":8},"end":{"line":12,"column":43}},"10":{"start":{"line":15,"column":35},"end":{"line":15,"column":37}},"11":{"start":{"line":16,"column":4},"end":{"line":28,"column":6}},"12":{"start":{"line":17,"column":8},"end":{"line":17,"column":31}},"13":{"start":{"line":18,"column":8},"end":{"line":18,"column":31}},"14":{"start":{"line":20,"column":21},"end":{"line":20,"column":164}},"15":{"start":{"line":21,"column":8},"end":{"line":21,"column":39}},"16":{"start":{"line":22,"column":8},"end":{"line":26,"column":9}},"17":{"start":{"line":22,"column":21},"end":{"line":22,"column":22}},"18":{"start":{"line":23,"column":12},"end":{"line":23,"column":40}},"19":{"start":{"line":24,"column":25},"end":{"line":24,"column":63}},"20":{"start":{"line":25,"column":12},"end":{"line":25,"column":45}},"21":{"start":{"line":30,"column":4},"end":{"line":37,"column":6}},"22":{"start":{"line":31,"column":20},"end":{"line":31,"column":56}},"23":{"start":{"line":32,"column":22},"end":{"line":32,"column":51}},"24":{"start":{"line":33,"column":8},"end":{"line":33,"column":30}},"25":{"start":{"line":34,"column":8},"end":{"line":34,"column":41}},"26":{"start":{"line":35,"column":25},"end":{"line":35,"column":30}},"27":{"start":{"line":36,"column":8},"end":{"line":36,"column":43}},"28":{"start":{"line":39,"column":4},"end":{"line":46,"column":6}},"29":{"start":{"line":40,"column":23},"end":{"line":40,"column":38}},"30":{"start":{"line":41,"column":8},"end":{"line":41,"column":31}},"31":{"start":{"line":42,"column":8},"end":{"line":42,"column":54}},"32":{"start":{"line":43,"column":8},"end":{"line":45,"column":10}},"33":{"start":{"line":44,"column":12},"end":{"line":44,"column":52}},"34":{"start":{"line":47,"column":4},"end":{"line":58,"column":6}},"35":{"start":{"line":48,"column":8},"end":{"line":48,"column":52}},"36":{"start":{"line":49,"column":8},"end":{"line":49,"column":52}},"37":{"start":{"line":50,"column":8},"end":{"line":57,"column":9}},"38":{"start":{"line":51,"column":12},"end":{"line":51,"column":42}},"39":{"start":{"line":54,"column":12},"end":{"line":54,"column":34}},"40":{"start":{"line":55,"column":12},"end":{"line":55,"column":52}},"41":{"start":{"line":56,"column":12},"end":{"line":56,"column":78}},"42":{"start":{"line":59,"column":4},"end":{"line":70,"column":6}},"43":{"start":{"line":60,"column":8},"end":{"line":60,"column":52}},"44":{"start":{"line":61,"column":8},"end":{"line":61,"column":31}},"45":{"start":{"line":62,"column":8},"end":{"line":69,"column":9}},"46":{"start":{"line":63,"column":12},"end":{"line":63,"column":28}},"47":{"start":{"line":66,"column":12},"end":{"line":66,"column":34}},"48":{"start":{"line":67,"column":12},"end":{"line":67,"column":52}},"49":{"start":{"line":68,"column":12},"end":{"line":68,"column":82}},"50":{"start":{"line":72,"column":4},"end":{"line":81,"column":6}},"51":{"start":{"line":74,"column":8},"end":{"line":80,"column":10}},"52":{"start":{"line":75,"column":30},"end":{"line":75,"column":45}},"53":{"start":{"line":77,"column":12},"end":{"line":79,"column":73}},"54":{"start":{"line":78,"column":16},"end":{"line":78,"column":34}},"55":{"start":{"line":83,"column":4},"end":{"line":87,"column":6}},"56":{"start":{"line":84,"column":8},"end":{"line":84,"column":31}},"57":{"start":{"line":85,"column":8},"end":{"line":85,"column":31}},"58":{"start":{"line":86,"column":8},"end":{"line":86,"column":20}},"59":{"start":{"line":89,"column":4},"end":{"line":91,"column":6}},"60":{"start":{"line":90,"column":8},"end":{"line":90,"column":35}}},"fnMap":{"0":{"name":"(anonymous_0)","decl":{"start":{"line":10,"column":34},"end":{"line":10,"column":35}},"loc":{"start":{"line":10,"column":40},"end":{"line":92,"column":1}},"line":10},"1":{"name":"(anonymous_1)","decl":{"start":{"line":11,"column":11},"end":{"line":11,"column":12}},"loc":{"start":{"line":11,"column":23},"end":{"line":13,"column":5}},"line":11},"2":{"name":"(anonymous_2)","decl":{"start":{"line":16,"column":15},"end":{"line":16,"column":16}},"loc":{"start":{"line":16,"column":27},"end":{"line":28,"column":5}},"line":16},"3":{"name":"(anonymous_3)","decl":{"start":{"line":30,"column":41},"end":{"line":30,"column":42}},"loc":{"start":{"line":30,"column":53},"end":{"line":37,"column":5}},"line":30},"4":{"name":"(anonymous_4)","decl":{"start":{"line":39,"column":38},"end":{"line":39,"column":39}},"loc":{"start":{"line":39,"column":50},"end":{"line":46,"column":5}},"line":39},"5":{"name":"(anonymous_5)","decl":{"start":{"line":43,"column":23},"end":{"line":43,"column":24}},"loc":{"start":{"line":43,"column":40},"end":{"line":45,"column":9}},"line":43},"6":{"name":"(anonymous_6)","decl":{"start":{"line":47,"column":67},"end":{"line":47,"column":68}},"loc":{"start":{"line":47,"column":79},"end":{"line":58,"column":5}},"line":47},"7":{"name":"(anonymous_7)","decl":{"start":{"line":59,"column":45},"end":{"line":59,"column":46}},"loc":{"start":{"line":59,"column":57},"end":{"line":70,"column":5}},"line":59},"8":{"name":"(anonymous_8)","decl":{"start":{"line":72,"column":32},"end":{"line":72,"column":33}},"loc":{"start":{"line":72,"column":38},"end":{"line":81,"column":5}},"line":72},"9":{"name":"(anonymous_9)","decl":{"start":{"line":74,"column":30},"end":{"line":74,"column":31}},"loc":{"start":{"line":74,"column":36},"end":{"line":80,"column":9}},"line":74},"10":{"name":"(anonymous_10)","decl":{"start":{"line":77,"column":19},"end":{"line":77,"column":20}},"loc":{"start":{"line":77,"column":25},"end":{"line":79,"column":13}},"line":77},"11":{"name":"(anonymous_11)","decl":{"start":{"line":83,"column":14},"end":{"line":83,"column":15}},"loc":{"start":{"line":83,"column":26},"end":{"line":87,"column":5}},"line":83},"12":{"name":"(anonymous_12)","decl":{"start":{"line":89,"column":10},"end":{"line":89,"column":11}},"loc":{"start":{"line":89,"column":22},"end":{"line":91,"column":5}},"line":89}},"branchMap":{},"s":{"0":1,"1":1,"2":1,"3":1,"4":1,"5":1,"6":1,"7":1,"8":1,"9":1,"10":1,"11":1,"12":5,"13":5,"14":5,"15":5,"16":5,"17":5,"18":50,"19":50,"20":50,"21":1,"22":1,"23":1,"24":1,"25":1,"26":1,"27":1,"28":1,"29":1,"30":1,"31":1,"32":1,"33":10,"34":1,"35":1,"36":1,"37":1,"38":1,"39":1,"40":1,"41":1,"42":1,"43":1,"44":1,"45":1,"46":1,"47":1,"48":1,"49":1,"50":1,"51":1,"52":1,"53":1,"54":1,"55":1,"56":5,"57":5,"58":5,"59":1,"60":1},"f":{"0":1,"1":1,"2":5,"3":1,"4":1,"5":10,"6":1,"7":1,"8":1,"9":1,"10":1,"11":5,"12":1},"b":{},"_coverageSchema":"1a1c01bbd47fc00a2c39e90264f33305004495a9","hash":"7036926290bc7593a35329c4b08948c6da5a0b87","contentHash":"bd148f29597a23c96740545a976b70b718a64f3d0c8829610fbd456db33ef378"},"/Users/sergioluis/workspace/chat/chat-server-logic/logic/room/get-room.js":{"path":"/Users/sergioluis/workspace/chat/chat-server-logic/logic/room/get-room.js","statementMap":{"0":{"start":{"line":1,"column":53},"end":{"line":1,"column":73}},"1":{"start":{"line":2,"column":41},"end":{"line":2,"column":64}},"2":{"start":{"line":3,"column":0},"end":{"line":3,"column":27}},"3":{"start":{"line":6,"column":0},"end":{"line":41,"column":1}},"4":{"start":{"line":7,"column":4},"end":{"line":7,"column":104}},"5":{"start":{"line":7,"column":45},"end":{"line":7,"column":104}},"6":{"start":{"line":9,"column":4},"end":{"line":39,"column":8}},"7":{"start":{"line":10,"column":8},"end":{"line":37,"column":9}},"8":{"start":{"line":11,"column":25},"end":{"line":11,"column":52}},"9":{"start":{"line":13,"column":12},"end":{"line":13,"column":86}},"10":{"start":{"line":13,"column":23},"end":{"line":13,"column":86}},"11":{"start":{"line":15,"column":12},"end":{"line":20,"column":14}},"12":{"start":{"line":23,"column":26},"end":{"line":23,"column":64}},"13":{"start":{"line":25,"column":12},"end":{"line":25,"column":102}},"14":{"start":{"line":25,"column":36},"end":{"line":25,"column":102}},"15":{"start":{"line":27,"column":34},"end":{"line":34,"column":14}},"16":{"start":{"line":28,"column":16},"end":{"line":33,"column":17}},"17":{"start":{"line":36,"column":12},"end":{"line":36,"column":32}}},"fnMap":{"0":{"name":"(anonymous_0)","decl":{"start":{"line":6,"column":17},"end":{"line":6,"column":18}},"loc":{"start":{"line":6,"column":29},"end":{"line":41,"column":1}},"line":6},"1":{"name":"(anonymous_1)","decl":{"start":{"line":9,"column":12},"end":{"line":9,"column":13}},"loc":{"start":{"line":9,"column":24},"end":{"line":39,"column":5}},"line":9},"2":{"name":"(anonymous_2)","decl":{"start":{"line":27,"column":44},"end":{"line":27,"column":45}},"loc":{"start":{"line":27,"column":80},"end":{"line":34,"column":13}},"line":27}},"branchMap":{"0":{"loc":{"start":{"line":7,"column":4},"end":{"line":7,"column":104}},"type":"if","locations":[{"start":{"line":7,"column":4},"end":{"line":7,"column":104}},{"start":{"line":7,"column":4},"end":{"line":7,"column":104}}],"line":7},"1":{"loc":{"start":{"line":7,"column":8},"end":{"line":7,"column":43}},"type":"binary-expr","locations":[{"start":{"line":7,"column":8},"end":{"line":7,"column":14}},{"start":{"line":7,"column":18},"end":{"line":7,"column":43}}],"line":7},"2":{"loc":{"start":{"line":10,"column":8},"end":{"line":37,"column":9}},"type":"if","locations":[{"start":{"line":10,"column":8},"end":{"line":37,"column":9}},{"start":{"line":10,"column":8},"end":{"line":37,"column":9}}],"line":10},"3":{"loc":{"start":{"line":13,"column":12},"end":{"line":13,"column":86}},"type":"if","locations":[{"start":{"line":13,"column":12},"end":{"line":13,"column":86}},{"start":{"line":13,"column":12},"end":{"line":13,"column":86}}],"line":13},"4":{"loc":{"start":{"line":25,"column":12},"end":{"line":25,"column":102}},"type":"if","locations":[{"start":{"line":25,"column":12},"end":{"line":25,"column":102}},{"start":{"line":25,"column":12},"end":{"line":25,"column":102}}],"line":25}},"s":{"0":1,"1":1,"2":1,"3":1,"4":5,"5":1,"6":4,"7":4,"8":2,"9":2,"10":1,"11":1,"12":2,"13":2,"14":1,"15":1,"16":10,"17":1},"f":{"0":5,"1":4,"2":10},"b":{"0":[1,4],"1":[5,3],"2":[2,2],"3":[1,1],"4":[1,1]},"_coverageSchema":"1a1c01bbd47fc00a2c39e90264f33305004495a9","hash":"860fc7fdb197927f19baec0352a9d20b5801e631","contentHash":"451d478f33b60f8c96a2a4ea8a65751a561b811b01f24a973ce6eccc0ce178c7"},"/Users/sergioluis/workspace/chat/chat-server-logic/logic/room/update-room.spec.js":{"path":"/Users/sergioluis/workspace/chat/chat-server-logic/logic/room/update-room.spec.js","statementMap":{"0":{"start":{"line":1,"column":54},"end":{"line":1,"column":74}},"1":{"start":{"line":2,"column":34},"end":{"line":2,"column":57}},"2":{"start":{"line":3,"column":19},"end":{"line":3,"column":34}},"3":{"start":{"line":4,"column":0},"end":{"line":4,"column":27}},"4":{"start":{"line":5,"column":33},"end":{"line":5,"column":40}},"5":{"start":{"line":6,"column":19},"end":{"line":6,"column":23}},"6":{"start":{"line":7,"column":19},"end":{"line":7,"column":43}},"7":{"start":{"line":10,"column":0},"end":{"line":114,"column":2}},"8":{"start":{"line":11,"column":4},"end":{"line":13,"column":6}},"9":{"start":{"line":12,"column":8},"end":{"line":12,"column":43}},"10":{"start":{"line":16,"column":4},"end":{"line":28,"column":6}},"11":{"start":{"line":17,"column":8},"end":{"line":17,"column":31}},"12":{"start":{"line":18,"column":8},"end":{"line":18,"column":31}},"13":{"start":{"line":20,"column":21},"end":{"line":20,"column":164}},"14":{"start":{"line":21,"column":8},"end":{"line":21,"column":39}},"15":{"start":{"line":23,"column":8},"end":{"line":23,"column":33}},"16":{"start":{"line":24,"column":21},"end":{"line":24,"column":59}},"17":{"start":{"line":25,"column":8},"end":{"line":25,"column":36}},"18":{"start":{"line":27,"column":8},"end":{"line":27,"column":39}},"19":{"start":{"line":30,"column":4},"end":{"line":37,"column":6}},"20":{"start":{"line":32,"column":8},"end":{"line":32,"column":52}},"21":{"start":{"line":34,"column":25},"end":{"line":34,"column":52}},"22":{"start":{"line":35,"column":8},"end":{"line":35,"column":33}},"23":{"start":{"line":36,"column":8},"end":{"line":36,"column":47}},"24":{"start":{"line":38,"column":4},"end":{"line":49,"column":6}},"25":{"start":{"line":39,"column":8},"end":{"line":39,"column":31}},"26":{"start":{"line":40,"colu
[...]
mn":5}},"line":12}},"branchMap":{"0":{"loc":{"start":{"line":15,"column":8},"end":{"line":15,"column":73}},"type":"if","locations":[{"start":{"line":15,"column":8},"end":{"line":15,"column":73}},{"start":{"line":15,"column":8},"end":{"line":15,"column":73}}],"line":15},"1":{"loc":{"start":{"line":19,"column":8},"end":{"line":19,"column":67}},"type":"if","locations":[{"start":{"line":19,"column":8},"end":{"line":19,"column":67}},{"start":{"line":19,"column":8},"end":{"line":19,"column":67}}],"line":19}},"s":{"0":1,"1":1,"2":1,"3":1,"4":7,"5":5,"6":5,"7":4,"8":3,"9":3,"10":3,"11":1,"12":2,"13":2,"14":1,"15":1},"f":{"0":7,"1":3},"b":{"0":[1,2],"1":[1,1]},"_coverageSchema":"1a1c01bbd47fc00a2c39e90264f33305004495a9","hash":"3a9506281964e38e222f3a729a641a287ec9a3a5","contentHash":"4c2bd7a4e668fed933d0a9e6c3121125a3fac9149cf60f775ca84bc13855ebb8"},"/Users/sergioluis/workspace/chat/chat-server-logic/logic/user/get-users.spec.js":{"path":"/Users/sergioluis/workspace/chat/chat-server-logic/logic/user/get-users.spec.js","statementMap":{"0":{"start":{"line":1,"column":39},"end":{"line":1,"column":59}},"1":{"start":{"line":2,"column":19},"end":{"line":2,"column":34}},"2":{"start":{"line":3,"column":0},"end":{"line":3,"column":27}},"3":{"start":{"line":4,"column":33},"end":{"line":4,"column":40}},"4":{"start":{"line":5,"column":19},"end":{"line":5,"column":23}},"5":{"start":{"line":6,"column":15},"end":{"line":6,"column":34}},"6":{"start":{"line":7,"column":17},"end":{"line":7,"column":39}},"7":{"start":{"line":11,"column":0},"end":{"line":98,"column":2}},"8":{"start":{"line":12,"column":4},"end":{"line":14,"column":6}},"9":{"start":{"line":13,"column":8},"end":{"line":13,"column":43}},"10":{"start":{"line":17,"column":52},"end":{"line":17,"column":54}},"11":{"start":{"line":18,"column":4},"end":{"line":28,"column":6}},"12":{"start":{"line":19,"column":8},"end":{"line":19,"column":32}},"13":{"start":{"line":20,"column":8},"end":{"line":27,"column":9}},"14":{"start":{"line":20,"column":21},"end":{"line":20,"column":22}},"15":{"start":{"line":21,"column":12},"end":{"line":21,"column":38}},"16":{"start":{"line":22,"column":12},"end":{"line":22,"column":48}},"17":{"start":{"line":23,"column":12},"end":{"line":23,"column":72}},"18":{"start":{"line":24,"column":12},"end":{"line":24,"column":50}},"19":{"start":{"line":25,"column":12},"end":{"line":25,"column":69}},"20":{"start":{"line":26,"column":12},"end":{"line":26,"column":50}},"21":{"start":{"line":30,"column":4},"end":{"line":38,"column":6}},"22":{"start":{"line":31,"column":20},"end":{"line":31,"column":56}},"23":{"start":{"line":33,"column":21},"end":{"line":33,"column":56}},"24":{"start":{"line":34,"column":8},"end":{"line":34,"column":30}},"25":{"start":{"line":35,"column":8},"end":{"line":35,"column":40}},"26":{"start":{"line":36,"column":25},"end":{"line":36,"column":29}},"27":{"start":{"line":37,"column":8},"end":{"line":37,"column":49}},"28":{"start":{"line":40,"column":4},"end":{"line":47,"column":6}},"29":{"start":{"line":41,"column":22},"end":{"line":41,"column":38}},"30":{"start":{"line":42,"column":8},"end":{"line":42,"column":31}},"31":{"start":{"line":43,"column":8},"end":{"line":43,"column":59}},"32":{"start":{"line":44,"column":8},"end":{"line":46,"column":10}},"33":{"start":{"line":45,"column":12},"end":{"line":45,"column":58}},"34":{"start":{"line":49,"column":4},"end":{"line":58,"column":6}},"35":{"start":{"line":50,"column":21},"end":{"line":50,"column":34}},"36":{"start":{"line":51,"column":8},"end":{"line":57,"column":9}},"37":{"start":{"line":52,"column":12},"end":{"line":52,"column":34}},"38":{"start":{"line":54,"column":12},"end":{"line":54,"column":35}},"39":{"start":{"line":55,"column":12},"end":{"line":55,"column":53}},"40":{"start":{"line":56,"column":12},"end":{"line":56,"column":74}},"41":{"start":{"line":60,"column":4},"end":{"line":76,"column":6}},"42":{"start":{"line":61,"column":22},"end":{"line":61,"column":40}},"43":{"start":{"line":62,"column":23},"end":{"line":62,"column":50}},"44":{"start":{"line":63,"column":26},"end":{"line":63,"column":75}},"45":{"start":{"line":64,"column":22},"end":{"line":64,"column":54}},"46":{"start":{"line":65,"column":22},"end":{"line":65,"column":88}},"47":{"start":{"line":67,"column":8},"end":{"line":67,"column":47}},"48":{"start":{"line":69,"column":8},"end":{"line":75,"column":9}},"49":{"start":{"line":70,"column":12},"end":{"line":70,"column":48}},"50":{"start":{"line":72,"column":12},"end":{"line":72,"column":35}},"51":{"start":{"line":73,"column":12},"end":{"line":73,"column":53}},"52":{"start":{"line":74,"column":12},"end":{"line":74,"column":67}},"53":{"start":{"line":78,"column":4},"end":{"line":87,"column":6}},"54":{"start":{"line":79,"column":8},"end":{"line":79,"column":32}},"55":{"start":{"line":80,"column":8},"end":{"line":86,"column":9}},"56":{"start":{"line":81,"column":12},"end":{"line":81,"column":28}},"57":{"start":{"line":83,"column":12},"end":{"line":83,"column":35}},"58":{"start":{"line":84,"column":12},"end":{"line":84,"column":53}},"59":{"start":{"line":85,"column":12},"end":{"line":85,"column":66}},"60":{"start":{"line":90,"column":4},"end":{"line":93,"column":6}},"61":{"start":{"line":91,"column":8},"end":{"line":91,"column":32}},"62":{"start":{"line":92,"column":8},"end":{"line":92,"column":25}},"63":{"start":{"line":95,"column":4},"end":{"line":97,"column":6}},"64":{"start":{"line":96,"column":8},"end":{"line":96,"column":42}}},"fnMap":{"0":{"name":"(anonymous_0)","decl":{"start":{"line":11,"column":39},"end":{"line":11,"column":40}},"loc":{"start":{"line":11,"column":45},"end":{"line":98,"column":1}},"line":11},"1":{"name":"(anonymous_1)","decl":{"start":{"line":12,"column":11},"end":{"line":12,"column":12}},"loc":{"start":{"line":12,"column":23},"end":{"line":14,"column":5}},"line":12},"2":{"name":"(anonymous_2)","decl":{"start":{"line":18,"column":15},"end":{"line":18,"column":16}},"loc":{"start":{"line":18,"column":27},"end":{"line":28,"column":5}},"line":18},"3":{"name":"(anonymous_3)","decl":{"start":{"line":30,"column":36},"end":{"line":30,"column":37}},"loc":{"start":{"line":30,"column":48},"end":{"line":38,"column":5}},"line":30},"4":{"name":"(anonymous_4)","decl":{"start":{"line":40,"column":40},"end":{"line":40,"column":41}},"loc":{"start":{"line":40,"column":52},"end":{"line":47,"column":5}},"line":40},"5":{"name":"(anonymous_5)","decl":{"start":{"line":44,"column":22},"end":{"line":44,"column":23}},"loc":{"start":{"line":44,"column":40},"end":{"line":46,"column":9}},"line":44},"6":{"name":"(anonymous_6)","decl":{"start":{"line":49,"column":48},"end":{"line":49,"column":49}},"loc":{"start":{"line":49,"column":60},"end":{"line":58,"column":5}},"line":49},"7":{"name":"(anonymous_7)","decl":{"start":{"line":60,"column":51},"end":{"line":60,"column":52}},"loc":{"start":{"line":60,"column":63},"end":{"line":76,"column":5}},"line":60},"8":{"name":"(anonymous_8)","decl":{"start":{"line":78,"column":57},"end":{"line":78,"column":58}},"loc":{"start":{"line":78,"column":69},"end":{"line":87,"column":5}},"line":78},"9":{"name":"(anonymous_9)","decl":{"start":{"line":90,"column":14},"end":{"line":90,"column":15}},"loc":{"start":{"line":90,"column":26},"end":{"line":93,"column":5}},"line":90},"10":{"name":"(anonymous_10)","decl":{"start":{"line":95,"column":10},"end":{"line":95,"column":11}},"loc":{"start":{"line":95,"column":22},"end":{"line":97,"column":5}},"line":95}},"branchMap":{},"s":{"0":1,"1":1,"2":1,"3":1,"4":1,"5":1,"6":1,"7":1,"8":1,"9":1,"10":1,"11":1,"12":5,"13":5,"14":5,"15":50,"16":50,"17":50,"18":50,"19":50,"20":50,"21":1,"22":1,"23":1,"24":1,"25":1,"26":1,"27":1,"28":1,"29":1,"30":1,"31":1,"32":1,"33":10,"34":1,"35":1,"36":1,"37":1,"38":1,"39":1,"40":1,"41":1,"42":1,"43":1,"44":1,"45":1,"46":1,"47":1,"48":1,"49":1,"50":1,"51":1,"52":1,"53":1,"54":1,"55":1,"56":1,"57":1,"58":1,"59":1,"60":1,"61":5,"62":5,"63":1,"64":1},"f":{"0":1,"1":1,"2":5,"3":1,"4":1,"5":10,"6":1,"7":1,"8":1,"9":5,"10":1},"b":{},"_coverageSchema":"1a1c01bbd47fc00a2c39e90264f33305004495a9","hash":"b8544a3f1df4f01027fbf8ea1630ad4cd2bb523e","contentHash":"8c395d79b20786f55af14c19425a720c519ab629bb6b7c2a7c4ac9c391b7bca7"},"/Users/sergioluis/workspace/chat/chat-server-logic/logic/user/get-users.js":{"path":"/Users/sergioluis/workspace/chat/chat-server-logic/logic/user/get-users.js","statementMap":{"0":{"start":{"line":1,"column":53},"end":{"line":1,"column":73}},"1":{"start":{"line":2,"column":41},"end":{"line":2,"column":64}},"2":{"start":{"line":6,"column":0},"end":{"line":34,"column":1}},"3":{"start":{"line":8,"column":4},"end":{"line":33,"column":8}},"4":{"start":{"line":9,"column":8},"end":{"line":32,"column":9}},"5":{"start":{"line":10,"column":12},"end":{"line":10,"column":95}},"6":{"start":{"line":10,"column":43},"end":{"line":10,"column":95}},"7":{"start":{"line":12,"column":25},"end":{"line":12,"column":70}},"8":{"start":{"line":13,"column":12},"end":{"line":13,"column":74}},"9":{"start":{"line":13,"column":23},"end":{"line":13,"column":74}},"10":{"start":{"line":15,"column":12},"end":{"line":19,"column":14}},"11":{"start":{"line":21,"column":26},"end":{"line":21,"column":45}},"12":{"start":{"line":23,"column":12},"end":{"line":23,"column":87}},"13":{"start":{"line":23,"column":36},"end":{"line":23,"column":87}},"14":{"start":{"line":24,"column":34},"end":{"line":30,"column":14}},"15":{"start":{"line":25,"column":16},"end":{"line":29,"column":17}},"16":{"start":{"line":31,"column":12},"end":{"line":31,"column":32}}},"fnMap":{"0":{"name":"(anonymous_0)","decl":{"start":{"line":6,"column":17},"end":{"line":6,"column":18}},"loc":{"start":{"line":6,"column":29},"end":{"line":34,"column":1}},"line":6},"1":{"name":"(anonymous_1)","decl":{"start":{"line":8,"column":12},"end":{"line":8,"column":13}},"loc":{"start":{"line":8,"column":24},"end":{"line":33,"column":5}},"line":8},"2":{"name":"(anonymous_2)","decl":{"start":{"line":24,"column":44},"end":{"line":24,"column":45}},"loc":{"start":{"line":24,"column":54},"end":{"line":30,"column":13}},"line":24}},"branchMap":{"0":{"loc":{"start":{"line":9,"column":8},"end":{"line":32,"column":9}},"type":"if","locations":[{"start":{"line":9,"column":8},"end":{"line":32,"column":9}},{"start":{"line":9,"column":8},"end":{"line":32,"column":9}}],"line":9},"1":{"loc":{"start":{"line":10,"column":12},"end":{"line":10,"column":95}},"type":"if","locations":[{"start":{"line":10,"column":12},"end":{"line":10,"column":95}},{"start":{"line":10,"column":12},"end":{"line":10,"column":95}}],"line":10},"2":{"loc":{"start":{"line":13,"column":12},"end":{"line":13,"column":74}},"type":"if","locations":[{"start":{"line":13,"column":12},"end":{"line":13,"column":74}},{"start":{"line":13,"column":12},"end":{"line":13,"column":74}}],"line":13},"3":{"loc":{"start":{"line":23,"column":12},"end":{"line":23,"column":87}},"type":"if","locations":[{"start":{"line":23,"column":12},"end":{"line":23,"column":87}},{"start":{"line":23,"column":12},"end":{"line":23,"column":87}}],"line":23}},"s":{"0":1,"1":1,"2":1,"3":5,"4":5,"5":3,"6":1,"7":2,"8":2,"9":1,"10":1,"11":2,"12":2,"13":1,"14":1,"15":10,"16":1},"f":{"0":5,"1":5,"2":10},"b":{"0":[3,2],"1":[1,2],"2":[1,1],"3":[1,1]},"_coverageSchema":"1a1c01bbd47fc00a2c39e90264f33305004495a9","hash":"0d75b033d1efbea6eea18dac88737cdd47c82248","contentHash":"81fcec743915daa69b7bbc435e6b65d32cbb4d33d5811a065f81dccc8123c3ce"},"/Users/sergioluis/workspace/chat/chat-server-logic/logic/user/register-user.spec.js":{"path":"/Users/sergioluis/workspace/chat/chat-server-logic/logic/user/register-user.spec.js","statementMap":{"0":{"start":{"line":1,"column":39},"end":{"line":1,"column":59}},"1":{"start":{"line":2,"column":47},"end":{"line":2,"column":70}},"2":{"start":{"line":3,"column":19},"end":{"line":3,"column":34}},"3":{"start":{"line":4,"column":0},"end":{"line":4,"column":27}},"4":{"start":{"line":5,"column":33},"end":{"line":5,"column":40}},"5":{"start":{"line":6,"column":19},"end":{"line":6,"column":23}},"6":{"start":{"line":7,"column":21},"end":{"line":7,"column":47}},"7":{"start":{"line":8,"column":15},"end":{"line":8,"column":34}},"8":{"start":{"line":11,"column":0},"end":{"line":74,"column":2}},"9":{"start":{"line":12,"column":4},"end":{"line":14,"column":6}},"10":{"start":{"line":13,"column":8},"end":{"line":13,"column":43}},"11":{"start":{"line":17,"column":4},"end":{"line":22,"column":6}},"12":{"start":{"line":18,"column":8},"end":{"line":18,"column":32}},"13":{"start":{"line":19,"column":8},"end":{"line":19,"column":34}},"14":{"start":{"line":20,"column":8},"end":{"line":20,"column":44}},"15":{"start":{"line":21,"column":8},"end":{"line":21,"column":68}},"16":{"start":{"line":25,"column":4},"end":{"line":34,"column":6}},"17":{"start":{"line":26,"column":8},"end":{"line":26,"column":50}},"18":{"start":{"line":27,"column":21},"end":{"line":27,"column":50}},"19":{"start":{"line":29,"column":8},"end":{"line":29,"column":30}},"20":{"start":{"line":30,"column":8},"end":{"line":30,"column":41}},"21":{"start":{"line":31,"column":8},"end":{"line":31,"column":43}},"22":{"start":{"line":32,"column":8},"end":{"line":32,"column":62}},"23":{"start":{"line":33,"column":8},"end":{"line":33,"column":33}},"24":{"start":{"line":36,"column":4},"end":{"line":45,"column":6}},"25":{"start":{"line":37,"column":8},"end":{"line":37,"column":52}},"26":{"start":{"line":38,"column":8},"end":{"line":44,"column":9}},"27":{"start":{"line":39,"column":12},"end":{"line":39,"column":54}},"28":{"start":{"line":41,"column":12},"end":{"line":41,"column":35}},"29":{"start":{"line":42,"column":12},"end":{"line":42,"column":53}},"30":{"start":{"line":43,"column":12},"end":{"line":43,"column":76}},"31":{"start":{"line":47,"column":4},"end":{"line":65,"column":6}},"32":{"start":{"line":48,"column":8},"end":{"line":52,"column":10}},"33":{"start":{"line":49,"column":12},"end":{"line":51,"column":62}},"34":{"start":{"line":50,"column":16},"end":{"line":50,"column":56}},"35":{"start":{"line":54,"column":8},"end":{"line":59,"column":10}},"36":{"start":{"line":55,"column":12},"end":{"line":55,"column":39}},"37":{"start":{"line":56,"column":12},"end":{"line":58,"column":64}},"38":{"start":{"line":57,"column":16},"end":{"line":57,"column":60}},"39":{"start":{"line":60,"column":8},"end":{"line":64,"column":10}},"40":{"start":{"line":61,"column":12},"end":{"line":63,"column":94}},"41":{"start":{"line":62,"column":16},"end":{"line":62,"column":65}},"42":{"start":{"line":67,"column":4},"end":{"line":69,"column":6}},"43":{"start":{"line":68,"column":8},"end":{"line":68,"column":32}},"44":{"start":{"line":71,"column":4},"end":{"line":73,"column":6}},"45":{"start":{"line":72,"column":8},"end":{"line":72,"column":42}}},"fnMap":{"0":{"name":"(anonymous_0)","decl":{"start":{"line":11,"column":39},"end":{"line":11,"column":40}},"loc":{"start":{"line":11,"column":45},"end":{"line":74,"column":1}},"line":11},"1":{"name":"(anonymous_1)","decl":{"start":{"line":12,"column":11},"end":{"line":12,"column":12}},"loc":{"start":{"line":12,"column":23},"end":{"line":14,"column":5}},"line":12},"2":{"name":"(anonymous_2)","decl":{"start":{"line":17,"column":15},"end":{"line":17,"column":16}},"loc":{"start":{"line":17,"column":27},"end":{"line":22,"column":5}},"line":17},"3":{"name":"(anonymous_3)","decl":{"start":{"line":25,"column":35},"end":{"line":25,"column":36}},"loc":{"start":{"line":25,"column":47},"end":{"line":34,"column":5}},"line":25},"4":{"name":"(anonymous_4)","decl":{"start":{"line":36,"column":50},"end":{"line":36,"column":51}},"loc":{"start":{"line":36,"column":62},"end":{"line":45,"column":5}},"line":36},"5":{"name":"(anonymous_5)","decl":{"start":{"line":47,"column":37},"end":{"line":47,"column":38}},"loc":{"start":{"line":47,"column":43},"end":{"line":65,"column":5}},"line":47},"6":{"name":"(anonymous_6)","decl":{"start":{"line":48,"column":19},"end":{"line":48,"column":20}},"loc":{"start":{"line":48,"column":25},"end":{"line":52,"column":9}},"line":48},"7":{"name":"(anonymous_7)","decl":{"start":{"line":49,"column":19},"end":{"line":49,"column":20}},"loc":{"start":{"line":49,"column":25},"end":{"line":51,"column":13}},"line":49},"8":{"name":"(anonymous_8)","decl":{"start":{"line":54,"column":33},"end":{"line":54,"column":34}},"loc":{"start":{"line":54,"column":39},"end":{"line":59,"column":9}},"line":54},"9":{"name":"(anonymous_9)","decl":{"start":{"line":56,"column":19},"end":{"line":56,"column":20}},"loc":{"start":{"line":56,"column":25},"end":{"line":58,"column":13}},"line":56},"10":{"name":"(anonymous_10)","decl":{"start":{"line":60,"column":32},"end":{"line":60,"column":33}},"loc":{"start":{"line":60,"column":38},"end":{"line":64,"column":9}},"line":60},"11":{"name":"(anonymous_11)","decl":{"start":{"line":61,"column":19},"end":{"line":61,"column":20}},"loc":{"start":{"line":61,"column":25},"end":{"line":63,"column":13}},"line":61},"12":{"name":"(anonymous_12)","decl":{"start":{"line":67,"column":14},"end":{"line":67,"column":15}},"loc":{"start":{"line":67,"column":26},"end":{"line":69,"column":5}},"line":67},"13":{"name":"(anonymous_13)","decl":{"start":{"line":71,"column":10},"end":{"line":71,"column":11}},"loc":{"start":{"line":71,"column":22},"end":{"line":73,"column":5}},"line":71}},"branchMap":{},"s":{"0":1,"1":1,"2":1,"3":1,"4":1,"5":1,"6":1,"7":1,"8":1,"9":1,"10":1,"11":1,"12":5,"13":5,"14":5,"15":5,"16":1,"17":1,"18":1,"19":1,"20":1,"21":1,"22":1,"23":1,"24":1,"25":1,"26":1,"27":1,"28":1,"29":1,"30":1,"31":1,"32":1,"33":1,"34":1,"35":1,"36":1,"37":1,"38":1,"39":1,"40":1,"41":1,"42":1,"43":5,"44":1,"45":1},"f":{"0":1,"1":1,"2":5,"3":1,"4":1,"5":1,"6":1,"7":1,"8":1,"9":1,"10":1,"11":1,"12":5,"13":1},"b":{},"_coverageSchema":"1a1c01bbd47fc00a2c39e90264f33305004495a9","hash":"db30f2c432ab1f43be6bbe73fd284212bc057c0c","contentHash":"a9e80e2f465b703ee03cc67c2077fd277c09ed4842aece0ddf50383afbc1cd0d"},"/Users/sergioluis/workspace/chat/chat-server-logic/logic/user/register-user.js":{"path":"/Users/sergioluis/workspace/chat/chat-server-logic/logic/user/register-user.js","statementMap":{"0":{"start":{"line":1,"column":29},"end":{"line":1,"column":49}},"1":{"start":{"line":2,"column":65},"end":{"line":2,"column":88}},"2":{"start":{"line":3,"column":15},"end":{"line":3,"column":34}},"3":{"start":{"line":7,"column":0},"end":{"line":24,"column":1}},"4":{"start":{"line":9,"column":4},"end":{"line":9,"column":25}},"5":{"start":{"line":10,"column":4},"end":{"line":10,"column":26}},"6":{"start":{"line":11,"column":4},"end":{"line":11,"column":29}},"7":{"start":{"line":12,"column":4},"end":{"line":12,"column":38}},"8":{"start":{"line":13,"column":4},"end":{"line":13,"column":26}},"9":{"start":{"line":15,"column":4},"end":{"line":23,"column":8}},"10":{"start":{"line":16,"column":21},"end":{"line":16,"column":50}},"11":{"start":{"line":18,"column":8},"end":{"line":18,"column":76}},"12":{"start":{"line":18,"column":18},"end":{"line":18,"column":76}},"13":{"start":{"line":20,"column":21},"end":{"line":20,"column":52}},"14":{"start":{"line":22,"column":8},"end":{"line":22,"column":58}}},"fnMap":{"0":{"name":"(anonymous_0)","decl":{"start":{"line":7,"column":17},"end":{"line":7,"column":18}},"loc":{"start":{"line":7,"column":44},"end":{"line":24,"column":1}},"line":7},"1":{"name":"(anonymous_1)","decl":{"start":{"line":15,"column":12},"end":{"line":15,"column":13}},"loc":{"start":{"line":15,"column":24},"end":{"line":23,"column":5}},"line":15}},"branchMap":{"0":{"loc":{"start":{"line":18,"column":8},"end":{"line":18,"column":76}},"type":"if","locations":[{"start":{"line":18,"column":8},"end":{"line":18,"column":76}},{"start":{"line":18,"column":8},"end":{"line":18,"column":76}}],"line":18}},"s":{"0":1,"1":1,"2":1,"3":1,"4":5,"5":4,"6":4,"7":4,"8":3,"9":2,"10":2,"11":2,"12":1,"13":1,"14":1},"f":{"0":5,"1":2},"b":{"0":[1,1]},"_coverageSchema":"1a1c01bbd47fc00a2c39e90264f33305004495a9","hash":"b5dc92d48fbe3f8bbd1c27997e8cfa0ebecca7f1","contentHash":"8068a939c374dc672b97efe5a01d06e3cc1320b0a4b25f178ed3a88bcb067628"}}